!SOT
401005!inc eax!RR_eax_0!WR_eax_1
401006!mov ecx, 0xa!WR_ecx_a
40100b!mov edi, 0x402004!WR_edi_402004
401010!mov esi, 0x402014!WR_esi_402014
401015!rep movsb byte ptr [edi], byte ptr [esi]!RM_402014_1_45!RR_ecx_a_esi_402014_edi_402004!WM_402004_1_45!WR_ecx_9_esi_402015_edi_402005
401015!rep movsb byte ptr [edi], byte ptr [esi]!RM_402015_1_4e!RR_ecx_9_esi_402015_edi_402005!WM_402005_1_4e!WR_ecx_8_esi_402016_edi_402006
401015!rep movsb byte ptr [edi], byte ptr [esi]!RM_402016_1_43!RR_ecx_8_esi_402016_edi_402006!WM_402006_1_43!WR_ecx_7_esi_402017_edi_402007
401015!rep movsb byte ptr [edi], byte ptr [esi]!RM_402017_1_52!RR_ecx_7_esi_402017_edi_402007!WM_402007_1_52!WR_ecx_6_esi_402018_edi_402008
401015!rep movsb byte ptr [edi], byte ptr [esi]!RM_402018_1_59!RR_ecx_6_esi_402018_edi_402008!WM_402008_1_59!WR_ecx_5_esi_402019_edi_402009
401015!rep movsb byte ptr [edi], byte ptr [esi]!RM_402019_1_50!RR_ecx_5_esi_402019_edi_402009!WM_402009_1_50!WR_ecx_4_esi_40201a_edi_40200a
401015!rep movsb byte ptr [edi], byte ptr [esi]!RM_40201a_1_54!RR_ecx_4_esi_40201a_edi_40200a!WM_40200a_1_54!WR_ecx_3_esi_40201b_edi_40200b
401015!rep movsb byte ptr [edi], byte ptr [esi]!RM_40201b_1_45!RR_ecx_3_esi_40201b_edi_40200b!WM_40200b_1_45!WR_ecx_2_esi_40201c_edi_40200c
401015!rep movsb byte ptr [edi], byte ptr [esi]!RM_40201c_1_45!RR_ecx_2_esi_40201c_edi_40200c!WM_40200c_1_45!WR_ecx_1_esi_40201d_edi_40200d
401015!rep movsb byte ptr [edi], byte ptr [esi]!RM_40201d_1_4e!RR_ecx_1_esi_40201d_edi_40200d!WM_40200d_1_4e!WR_ecx_0_esi_40201e_edi_40200e
401017!cmp eax, 0x4!RR_eax_1
40101a!jnz 0x401005
401005!inc eax!RR_eax_1!WR_eax_2
401006!mov ecx, 0xa!WR_ecx_a
40100b!mov edi, 0x402004!WR_edi_402004
401010!mov esi, 0x402014!WR_esi_402014
401015!rep movsb byte ptr [edi], byte ptr [esi]!RM_402014_1_45!RR_ecx_a_esi_402014_edi_402004!WM_402004_1_45!WR_ecx_9_esi_402015_edi_402005
401015!rep movsb byte ptr [edi], byte ptr [esi]!RM_402015_1_4e!RR_ecx_9_esi_402015_edi_402005!WM_402005_1_4e!WR_ecx_8_esi_402016_edi_402006
401015!rep movsb byte ptr [edi], byte ptr [esi]!RM_402016_1_43!RR_ecx_8_esi_402016_edi_402006!WM_402006_1_43!WR_ecx_7_esi_402017_edi_402007
401015!rep movsb byte ptr [edi], byte ptr [esi]!RM_402017_1_52!RR_ecx_7_esi_402017_edi_402007!WM_402007_1_52!WR_ecx_6_esi_402018_edi_402008
401015!rep movsb byte ptr [edi], byte ptr [esi]!RM_402018_1_59!RR_ecx_6_esi_402018_edi_402008!WM_402008_1_59!WR_ecx_5_esi_402019_edi_402009
401015!rep movsb byte ptr [edi], byte ptr [esi]!RM_402019_1_50!RR_ecx_5_esi_402019_edi_402009!WM_402009_1_50!WR_ecx_4_esi_40201a_edi_40200a
401015!rep movsb byte ptr [edi], byte ptr [esi]!RM_40201a_1_54!RR_ecx_4_esi_40201a_edi_40200a!WM_40200a_1_54!WR_ecx_3_esi_40201b_edi_40200b
401015!rep movsb byte ptr [edi], byte ptr [esi]!RM_40201b_1_45!RR_ecx_3_esi_40201b_edi_40200b!WM_40200b_1_45!WR_ecx_2_esi_40201c_edi_40200c
401015!rep movsb byte ptr [edi], byte ptr [esi]!RM_40201c_1_45!RR_ecx_2_esi_40201c_edi_40200c!WM_40200c_1_45!WR_ecx_1_esi_40201d_edi_40200d
401015!rep movsb byte ptr [edi], byte ptr [esi]!RM_40201d_1_4e!RR_ecx_1_esi_40201d_edi_40200d!WM_40200d_1_4e!WR_ecx_0_esi_40201e_edi_40200e
401017!cmp eax, 0x4!RR_eax_2
40101a!jnz 0x401005
401005!inc eax!RR_eax_2!WR_eax_3
401006!mov ecx, 0xa!WR_ecx_a
40100b!mov edi, 0x402004!WR_edi_402004
401010!mov esi, 0x402014!WR_esi_402014
401015!rep movsb byte ptr [edi], byte ptr [esi]!RM_402014_1_45!RR_ecx_a_esi_402014_edi_402004!WM_402004_1_45!WR_ecx_9_esi_402015_edi_402005
401015!rep movsb byte ptr [edi], byte ptr [esi]!RM_402015_1_4e!RR_ecx_9_esi_402015_edi_402005!WM_402005_1_4e!WR_ecx_8_esi_402016_edi_402006
401015!rep movsb byte ptr [edi], byte ptr [esi]!RM_402016_1_43!RR_ecx_8_esi_402016_edi_402006!WM_402006_1_43!WR_ecx_7_esi_402017_edi_402007
401015!rep movsb byte ptr [edi], byte ptr [esi]!RM_402017_1_52!RR_ecx_7_esi_402017_edi_402007!WM_402007_1_52!WR_ecx_6_esi_402018_edi_402008
401015!rep movsb byte ptr [edi], byte ptr [esi]!RM_402018_1_59!RR_ecx_6_esi_402018_edi_402008!WM_402008_1_59!WR_ecx_5_esi_402019_edi_402009
401015!rep movsb byte ptr [edi], byte ptr [esi]!RM_402019_1_50!RR_ecx_5_esi_402019_edi_402009!WM_402009_1_50!WR_ecx_4_esi_40201a_edi_40200a
401015!rep movsb byte ptr [edi], byte ptr [esi]!RM_40201a_1_54!RR_ecx_4_esi_40201a_edi_40200a!WM_40200a_1_54!WR_ecx_3_esi_40201b_edi_40200b
401015!rep movsb byte ptr [edi], byte ptr [esi]!RM_40201b_1_45!RR_ecx_3_esi_40201b_edi_40200b!WM_40200b_1_45!WR_ecx_2_esi_40201c_edi_40200c
401015!rep movsb byte ptr [edi], byte ptr [esi]!RM_40201c_1_45!RR_ecx_2_esi_40201c_edi_40200c!WM_40200c_1_45!WR_ecx_1_esi_40201d_edi_40200d
401015!rep movsb byte ptr [edi], byte ptr [esi]!RM_40201d_1_4e!RR_ecx_1_esi_40201d_edi_40200d!WM_40200d_1_4e!WR_ecx_0_esi_40201e_edi_40200e
401017!cmp eax, 0x4!RR_eax_3
40101a!jnz 0x401005
401005!inc eax!RR_eax_3!WR_eax_4
401006!mov ecx, 0xa!WR_ecx_a
40100b!mov edi, 0x402004!WR_edi_402004
401010!mov esi, 0x402014!WR_esi_402014
401015!rep movsb byte ptr [edi], byte ptr [esi]!RM_402014_1_45!RR_ecx_a_esi_402014_edi_402004!WM_402004_1_45!WR_ecx_9_esi_402015_edi_402005
401015!rep movsb byte ptr [edi], byte ptr [esi]!RM_402015_1_4e!RR_ecx_9_esi_402015_edi_402005!WM_402005_1_4e!WR_ecx_8_esi_402016_edi_402006
401015!rep movsb byte ptr [edi], byte ptr [esi]!RM_402016_1_43!RR_ecx_8_esi_402016_edi_402006!WM_402006_1_43!WR_ecx_7_esi_402017_edi_402007
401015!rep movsb byte ptr [edi], byte ptr [esi]!RM_402017_1_52!RR_ecx_7_esi_402017_edi_402007!WM_402007_1_52!WR_ecx_6_esi_402018_edi_402008
401015!rep movsb byte ptr [edi], byte ptr [esi]!RM_402018_1_59!RR_ecx_6_esi_402018_edi_402008!WM_402008_1_59!WR_ecx_5_esi_402019_edi_402009
401015!rep movsb byte ptr [edi], byte ptr [esi]!RM_402019_1_50!RR_ecx_5_esi_402019_edi_402009!WM_402009_1_50!WR_ecx_4_esi_40201a_edi_40200a
401015!rep movsb byte ptr [edi], byte ptr [esi]!RM_40201a_1_54!RR_ecx_4_esi_40201a_edi_40200a!WM_40200a_1_54!WR_ecx_3_esi_40201b_edi_40200b
401015!rep movsb byte ptr [edi], byte ptr [esi]!RM_40201b_1_45!RR_ecx_3_esi_40201b_edi_40200b!WM_40200b_1_45!WR_ecx_2_esi_40201c_edi_40200c
401015!rep movsb byte ptr [edi], byte ptr [esi]!RM_40201c_1_45!RR_ecx_2_esi_40201c_edi_40200c!WM_40200c_1_45!WR_ecx_1_esi_40201d_edi_40200d
401015!rep movsb byte ptr [edi], byte ptr [esi]!RM_40201d_1_4e!RR_ecx_1_esi_40201d_edi_40200d!WM_40200d_1_4e!WR_ecx_0_esi_40201e_edi_40200e
401017!cmp eax, 0x4!RR_eax_4
40101a!jnz 0x401005
40101c!ret 
!EOT
