!SOT
401000!mov edx, 0x0!WR_edx_0
401005!mov esi, dword ptr [0x402000]!RM_402000_4_5a59334b!WR_esi_5a59334b
40100b!mov edi, 0x402004!WR_edi_402004
401010!mov ecx, 0x0!WR_ecx_0
401015!xor dword ptr [edi+ecx*4], esi!RM_402004_4_52434e45!RR_ecx_0_esi_5a59334b_edi_402004!WM_402004_4_81a7d0e
401018!nop 
401019!nop 
40101a!nop 
40101b!nop 
40101c!nop 
40101d!nop 
40101e!nop 
40101f!nop 
401020!nop 
401021!nop 
401022!nop 
401023!nop 
401024!nop 
401025!nop 
401026!nop 
401027!nop 
401028!nop 
401029!nop 
40102a!nop 
40102b!nop 
40102c!nop 
40102d!nop 
40102e!nop 
40102f!nop 
401030!nop 
401031!nop 
401032!nop 
401033!nop 
401034!nop 
401035!nop 
401036!nop 
401037!nop 
401038!nop 
401039!nop 
40103a!nop 
40103b!nop 
40103c!nop 
40103d!nop 
40103e!nop 
40103f!nop 
401040!nop 
401041!nop 
401042!nop 
401043!nop 
401044!nop 
401045!nop 
401046!nop 
401047!nop 
401048!nop 
401049!nop 
40104a!nop 
40104b!nop 
40104c!nop 
40104d!nop 
40104e!nop 
40104f!nop 
401050!nop 
401051!nop 
401052!nop 
401053!nop 
401054!nop 
401055!nop 
401056!nop 
401057!nop 
401058!nop 
401059!nop 
40105a!nop 
40105b!nop 
40105c!nop 
40105d!nop 
40105e!nop 
40105f!nop 
401060!nop 
401061!nop 
401062!nop 
401063!nop 
401064!nop 
401065!nop 
401066!nop 
401067!nop 
401068!nop 
401069!nop 
40106a!nop 
40106b!nop 
40106c!nop 
40106d!nop 
40106e!nop 
40106f!nop 
401070!nop 
401071!nop 
401072!nop 
401073!nop 
401074!nop 
401075!nop 
401076!nop 
401077!nop 
401078!nop 
401079!nop 
40107a!nop 
40107b!nop 
40107c!nop 
40107d!nop 
40107e!nop 
40107f!nop 
401080!nop 
401081!nop 
401082!nop 
401083!nop 
401084!nop 
401085!nop 
401086!nop 
401087!nop 
401088!nop 
401089!nop 
40108a!nop 
40108b!nop 
40108c!nop 
40108d!nop 
40108e!nop 
40108f!nop 
401090!nop 
401091!nop 
401092!nop 
401093!nop 
401094!nop 
401095!nop 
401096!nop 
401097!nop 
401098!nop 
401099!nop 
40109a!nop 
40109b!nop 
40109c!nop 
40109d!nop 
40109e!nop 
40109f!nop 
4010a0!nop 
4010a1!nop 
4010a2!nop 
4010a3!nop 
4010a4!nop 
4010a5!nop 
4010a6!nop 
4010a7!nop 
4010a8!nop 
4010a9!nop 
4010aa!nop 
4010ab!nop 
4010ac!nop 
4010ad!nop 
4010ae!nop 
4010af!nop 
4010b0!nop 
4010b1!nop 
4010b2!nop 
4010b3!nop 
4010b4!nop 
4010b5!nop 
4010b6!nop 
4010b7!nop 
4010b8!nop 
4010b9!nop 
4010ba!nop 
4010bb!nop 
4010bc!nop 
4010bd!nop 
4010be!nop 
4010bf!nop 
4010c0!nop 
4010c1!nop 
4010c2!nop 
4010c3!nop 
4010c4!nop 
4010c5!nop 
4010c6!nop 
4010c7!nop 
4010c8!nop 
4010c9!nop 
4010ca!nop 
4010cb!nop 
4010cc!nop 
4010cd!nop 
4010ce!nop 
4010cf!nop 
4010d0!nop 
4010d1!nop 
4010d2!nop 
4010d3!nop 
4010d4!nop 
4010d5!nop 
4010d6!nop 
4010d7!nop 
4010d8!nop 
4010d9!nop 
4010da!nop 
4010db!nop 
4010dc!nop 
4010dd!nop 
4010de!nop 
4010df!nop 
4010e0!nop 
4010e1!nop 
4010e2!nop 
4010e3!nop 
4010e4!nop 
4010e5!nop 
4010e6!nop 
4010e7!nop 
4010e8!nop 
4010e9!nop 
4010ea!nop 
4010eb!nop 
4010ec!nop 
4010ed!nop 
4010ee!nop 
4010ef!nop 
4010f0!nop 
4010f1!nop 
4010f2!nop 
4010f3!nop 
4010f4!nop 
4010f5!nop 
4010f6!nop 
4010f7!nop 
4010f8!nop 
4010f9!nop 
4010fa!nop 
4010fb!nop 
4010fc!nop 
4010fd!nop 
4010fe!nop 
4010ff!nop 
401100!nop 
401101!nop 
401102!nop 
401103!nop 
401104!nop 
401105!nop 
401106!nop 
401107!nop 
401108!nop 
401109!nop 
40110a!nop 
40110b!nop 
40110c!nop 
40110d!nop 
40110e!nop 
40110f!nop 
401110!nop 
401111!nop 
401112!nop 
401113!nop 
401114!nop 
401115!nop 
401116!nop 
401117!nop 
401118!nop 
401119!nop 
40111a!nop 
40111b!nop 
40111c!nop 
40111d!nop 
40111e!nop 
40111f!nop 
401120!nop 
401121!nop 
401122!nop 
401123!nop 
401124!nop 
401125!nop 
401126!nop 
401127!nop 
401128!nop 
401129!nop 
40112a!nop 
40112b!nop 
40112c!nop 
40112d!nop 
40112e!nop 
40112f!nop 
401130!nop 
401131!nop 
401132!nop 
401133!nop 
401134!nop 
401135!nop 
401136!nop 
401137!nop 
401138!nop 
401139!nop 
40113a!nop 
40113b!nop 
40113c!nop 
40113d!nop 
40113e!nop 
40113f!nop 
401140!nop 
401141!nop 
401142!nop 
401143!nop 
401144!nop 
401145!nop 
401146!nop 
401147!nop 
401148!nop 
401149!nop 
40114a!nop 
40114b!nop 
40114c!nop 
40114d!nop 
40114e!nop 
40114f!nop 
401150!nop 
401151!nop 
401152!nop 
401153!nop 
401154!nop 
401155!nop 
401156!nop 
401157!nop 
401158!nop 
401159!nop 
40115a!nop 
40115b!nop 
40115c!nop 
40115d!nop 
40115e!nop 
40115f!nop 
401160!nop 
401161!nop 
401162!nop 
401163!nop 
401164!nop 
401165!nop 
401166!nop 
401167!nop 
401168!nop 
401169!nop 
40116a!nop 
40116b!nop 
40116c!nop 
40116d!nop 
40116e!nop 
40116f!nop 
401170!nop 
401171!nop 
401172!nop 
401173!nop 
401174!nop 
401175!nop 
401176!nop 
401177!nop 
401178!nop 
401179!nop 
40117a!nop 
40117b!nop 
40117c!nop 
40117d!nop 
40117e!nop 
40117f!nop 
401180!nop 
401181!nop 
401182!nop 
401183!nop 
401184!nop 
401185!nop 
401186!nop 
401187!nop 
401188!nop 
401189!nop 
40118a!nop 
40118b!nop 
40118c!nop 
40118d!nop 
40118e!nop 
40118f!nop 
401190!nop 
401191!nop 
401192!nop 
401193!nop 
401194!nop 
401195!nop 
401196!nop 
401197!nop 
401198!nop 
401199!nop 
40119a!nop 
40119b!nop 
40119c!nop 
40119d!nop 
40119e!nop 
40119f!nop 
4011a0!nop 
4011a1!nop 
4011a2!nop 
4011a3!nop 
4011a4!nop 
4011a5!nop 
4011a6!nop 
4011a7!nop 
4011a8!nop 
4011a9!nop 
4011aa!nop 
4011ab!nop 
4011ac!nop 
4011ad!nop 
4011ae!nop 
4011af!nop 
4011b0!nop 
4011b1!nop 
4011b2!nop 
4011b3!nop 
4011b4!nop 
4011b5!nop 
4011b6!nop 
4011b7!nop 
4011b8!nop 
4011b9!nop 
4011ba!nop 
4011bb!nop 
4011bc!nop 
4011bd!nop 
4011be!nop 
4011bf!nop 
4011c0!nop 
4011c1!nop 
4011c2!nop 
4011c3!nop 
4011c4!nop 
4011c5!nop 
4011c6!nop 
4011c7!nop 
4011c8!nop 
4011c9!nop 
4011ca!nop 
4011cb!nop 
4011cc!nop 
4011cd!nop 
4011ce!nop 
4011cf!nop 
4011d0!nop 
4011d1!nop 
4011d2!nop 
4011d3!nop 
4011d4!nop 
4011d5!nop 
4011d6!nop 
4011d7!nop 
4011d8!nop 
4011d9!nop 
4011da!nop 
4011db!nop 
4011dc!nop 
4011dd!nop 
4011de!nop 
4011df!nop 
4011e0!nop 
4011e1!nop 
4011e2!nop 
4011e3!nop 
4011e4!nop 
4011e5!nop 
4011e6!nop 
4011e7!nop 
4011e8!nop 
4011e9!nop 
4011ea!nop 
4011eb!nop 
4011ec!nop 
4011ed!nop 
4011ee!nop 
4011ef!nop 
4011f0!nop 
4011f1!nop 
4011f2!nop 
4011f3!nop 
4011f4!nop 
4011f5!nop 
4011f6!nop 
4011f7!nop 
4011f8!nop 
4011f9!nop 
4011fa!nop 
4011fb!nop 
4011fc!nop 
4011fd!nop 
4011fe!nop 
4011ff!nop 
401200!nop 
401201!nop 
401202!nop 
401203!nop 
401204!nop 
401205!nop 
401206!nop 
401207!nop 
401208!nop 
401209!nop 
40120a!nop 
40120b!nop 
40120c!nop 
40120d!nop 
40120e!nop 
40120f!nop 
401210!nop 
401211!nop 
401212!nop 
401213!nop 
401214!nop 
401215!nop 
401216!nop 
401217!nop 
401218!nop 
401219!nop 
40121a!nop 
40121b!nop 
40121c!nop 
40121d!nop 
40121e!nop 
40121f!nop 
401220!nop 
401221!nop 
401222!nop 
401223!nop 
401224!nop 
401225!nop 
401226!nop 
401227!nop 
401228!nop 
401229!nop 
40122a!nop 
40122b!nop 
40122c!nop 
40122d!nop 
40122e!nop 
40122f!nop 
401230!nop 
401231!nop 
401232!nop 
401233!nop 
401234!inc ecx!RR_ecx_0!WR_ecx_1
401235!cmp ecx, 0x4!RR_ecx_1
401238!jnz 0x401015
401015!xor dword ptr [edi+ecx*4], esi!RM_402008_4_45545059!RR_ecx_1_esi_5a59334b_edi_402004!WM_402008_4_1f0d6312
401018!nop 
401019!nop 
40101a!nop 
40101b!nop 
40101c!nop 
40101d!nop 
40101e!nop 
40101f!nop 
401020!nop 
401021!nop 
401022!nop 
401023!nop 
401024!nop 
401025!nop 
401026!nop 
401027!nop 
401028!nop 
401029!nop 
40102a!nop 
40102b!nop 
40102c!nop 
40102d!nop 
40102e!nop 
40102f!nop 
401030!nop 
401031!nop 
401032!nop 
401033!nop 
401034!nop 
401035!nop 
401036!nop 
401037!nop 
401038!nop 
401039!nop 
40103a!nop 
40103b!nop 
40103c!nop 
40103d!nop 
40103e!nop 
40103f!nop 
401040!nop 
401041!nop 
401042!nop 
401043!nop 
401044!nop 
401045!nop 
401046!nop 
401047!nop 
401048!nop 
401049!nop 
40104a!nop 
40104b!nop 
40104c!nop 
40104d!nop 
40104e!nop 
40104f!nop 
401050!nop 
401051!nop 
401052!nop 
401053!nop 
401054!nop 
401055!nop 
401056!nop 
401057!nop 
401058!nop 
401059!nop 
40105a!nop 
40105b!nop 
40105c!nop 
40105d!nop 
40105e!nop 
40105f!nop 
401060!nop 
401061!nop 
401062!nop 
401063!nop 
401064!nop 
401065!nop 
401066!nop 
401067!nop 
401068!nop 
401069!nop 
40106a!nop 
40106b!nop 
40106c!nop 
40106d!nop 
40106e!nop 
40106f!nop 
401070!nop 
401071!nop 
401072!nop 
401073!nop 
401074!nop 
401075!nop 
401076!nop 
401077!nop 
401078!nop 
401079!nop 
40107a!nop 
40107b!nop 
40107c!nop 
40107d!nop 
40107e!nop 
40107f!nop 
401080!nop 
401081!nop 
401082!nop 
401083!nop 
401084!nop 
401085!nop 
401086!nop 
401087!nop 
401088!nop 
401089!nop 
40108a!nop 
40108b!nop 
40108c!nop 
40108d!nop 
40108e!nop 
40108f!nop 
401090!nop 
401091!nop 
401092!nop 
401093!nop 
401094!nop 
401095!nop 
401096!nop 
401097!nop 
401098!nop 
401099!nop 
40109a!nop 
40109b!nop 
40109c!nop 
40109d!nop 
40109e!nop 
40109f!nop 
4010a0!nop 
4010a1!nop 
4010a2!nop 
4010a3!nop 
4010a4!nop 
4010a5!nop 
4010a6!nop 
4010a7!nop 
4010a8!nop 
4010a9!nop 
4010aa!nop 
4010ab!nop 
4010ac!nop 
4010ad!nop 
4010ae!nop 
4010af!nop 
4010b0!nop 
4010b1!nop 
4010b2!nop 
4010b3!nop 
4010b4!nop 
4010b5!nop 
4010b6!nop 
4010b7!nop 
4010b8!nop 
4010b9!nop 
4010ba!nop 
4010bb!nop 
4010bc!nop 
4010bd!nop 
4010be!nop 
4010bf!nop 
4010c0!nop 
4010c1!nop 
4010c2!nop 
4010c3!nop 
4010c4!nop 
4010c5!nop 
4010c6!nop 
4010c7!nop 
4010c8!nop 
4010c9!nop 
4010ca!nop 
4010cb!nop 
4010cc!nop 
4010cd!nop 
4010ce!nop 
4010cf!nop 
4010d0!nop 
4010d1!nop 
4010d2!nop 
4010d3!nop 
4010d4!nop 
4010d5!nop 
4010d6!nop 
4010d7!nop 
4010d8!nop 
4010d9!nop 
4010da!nop 
4010db!nop 
4010dc!nop 
4010dd!nop 
4010de!nop 
4010df!nop 
4010e0!nop 
4010e1!nop 
4010e2!nop 
4010e3!nop 
4010e4!nop 
4010e5!nop 
4010e6!nop 
4010e7!nop 
4010e8!nop 
4010e9!nop 
4010ea!nop 
4010eb!nop 
4010ec!nop 
4010ed!nop 
4010ee!nop 
4010ef!nop 
4010f0!nop 
4010f1!nop 
4010f2!nop 
4010f3!nop 
4010f4!nop 
4010f5!nop 
4010f6!nop 
4010f7!nop 
4010f8!nop 
4010f9!nop 
4010fa!nop 
4010fb!nop 
4010fc!nop 
4010fd!nop 
4010fe!nop 
4010ff!nop 
401100!nop 
401101!nop 
401102!nop 
401103!nop 
401104!nop 
401105!nop 
401106!nop 
401107!nop 
401108!nop 
401109!nop 
40110a!nop 
40110b!nop 
40110c!nop 
40110d!nop 
40110e!nop 
40110f!nop 
401110!nop 
401111!nop 
401112!nop 
401113!nop 
401114!nop 
401115!nop 
401116!nop 
401117!nop 
401118!nop 
401119!nop 
40111a!nop 
40111b!nop 
40111c!nop 
40111d!nop 
40111e!nop 
40111f!nop 
401120!nop 
401121!nop 
401122!nop 
401123!nop 
401124!nop 
401125!nop 
401126!nop 
401127!nop 
401128!nop 
401129!nop 
40112a!nop 
40112b!nop 
40112c!nop 
40112d!nop 
40112e!nop 
40112f!nop 
401130!nop 
401131!nop 
401132!nop 
401133!nop 
401134!nop 
401135!nop 
401136!nop 
401137!nop 
401138!nop 
401139!nop 
40113a!nop 
40113b!nop 
40113c!nop 
40113d!nop 
40113e!nop 
40113f!nop 
401140!nop 
401141!nop 
401142!nop 
401143!nop 
401144!nop 
401145!nop 
401146!nop 
401147!nop 
401148!nop 
401149!nop 
40114a!nop 
40114b!nop 
40114c!nop 
40114d!nop 
40114e!nop 
40114f!nop 
401150!nop 
401151!nop 
401152!nop 
401153!nop 
401154!nop 
401155!nop 
401156!nop 
401157!nop 
401158!nop 
401159!nop 
40115a!nop 
40115b!nop 
40115c!nop 
40115d!nop 
40115e!nop 
40115f!nop 
401160!nop 
401161!nop 
401162!nop 
401163!nop 
401164!nop 
401165!nop 
401166!nop 
401167!nop 
401168!nop 
401169!nop 
40116a!nop 
40116b!nop 
40116c!nop 
40116d!nop 
40116e!nop 
40116f!nop 
401170!nop 
401171!nop 
401172!nop 
401173!nop 
401174!nop 
401175!nop 
401176!nop 
401177!nop 
401178!nop 
401179!nop 
40117a!nop 
40117b!nop 
40117c!nop 
40117d!nop 
40117e!nop 
40117f!nop 
401180!nop 
401181!nop 
401182!nop 
401183!nop 
401184!nop 
401185!nop 
401186!nop 
401187!nop 
401188!nop 
401189!nop 
40118a!nop 
40118b!nop 
40118c!nop 
40118d!nop 
40118e!nop 
40118f!nop 
401190!nop 
401191!nop 
401192!nop 
401193!nop 
401194!nop 
401195!nop 
401196!nop 
401197!nop 
401198!nop 
401199!nop 
40119a!nop 
40119b!nop 
40119c!nop 
40119d!nop 
40119e!nop 
40119f!nop 
4011a0!nop 
4011a1!nop 
4011a2!nop 
4011a3!nop 
4011a4!nop 
4011a5!nop 
4011a6!nop 
4011a7!nop 
4011a8!nop 
4011a9!nop 
4011aa!nop 
4011ab!nop 
4011ac!nop 
4011ad!nop 
4011ae!nop 
4011af!nop 
4011b0!nop 
4011b1!nop 
4011b2!nop 
4011b3!nop 
4011b4!nop 
4011b5!nop 
4011b6!nop 
4011b7!nop 
4011b8!nop 
4011b9!nop 
4011ba!nop 
4011bb!nop 
4011bc!nop 
4011bd!nop 
4011be!nop 
4011bf!nop 
4011c0!nop 
4011c1!nop 
4011c2!nop 
4011c3!nop 
4011c4!nop 
4011c5!nop 
4011c6!nop 
4011c7!nop 
4011c8!nop 
4011c9!nop 
4011ca!nop 
4011cb!nop 
4011cc!nop 
4011cd!nop 
4011ce!nop 
4011cf!nop 
4011d0!nop 
4011d1!nop 
4011d2!nop 
4011d3!nop 
4011d4!nop 
4011d5!nop 
4011d6!nop 
4011d7!nop 
4011d8!nop 
4011d9!nop 
4011da!nop 
4011db!nop 
4011dc!nop 
4011dd!nop 
4011de!nop 
4011df!nop 
4011e0!nop 
4011e1!nop 
4011e2!nop 
4011e3!nop 
4011e4!nop 
4011e5!nop 
4011e6!nop 
4011e7!nop 
4011e8!nop 
4011e9!nop 
4011ea!nop 
4011eb!nop 
4011ec!nop 
4011ed!nop 
4011ee!nop 
4011ef!nop 
4011f0!nop 
4011f1!nop 
4011f2!nop 
4011f3!nop 
4011f4!nop 
4011f5!nop 
4011f6!nop 
4011f7!nop 
4011f8!nop 
4011f9!nop 
4011fa!nop 
4011fb!nop 
4011fc!nop 
4011fd!nop 
4011fe!nop 
4011ff!nop 
401200!nop 
401201!nop 
401202!nop 
401203!nop 
401204!nop 
401205!nop 
401206!nop 
401207!nop 
401208!nop 
401209!nop 
40120a!nop 
40120b!nop 
40120c!nop 
40120d!nop 
40120e!nop 
40120f!nop 
401210!nop 
401211!nop 
401212!nop 
401213!nop 
401214!nop 
401215!nop 
401216!nop 
401217!nop 
401218!nop 
401219!nop 
40121a!nop 
40121b!nop 
40121c!nop 
40121d!nop 
40121e!nop 
40121f!nop 
401220!nop 
401221!nop 
401222!nop 
401223!nop 
401224!nop 
401225!nop 
401226!nop 
401227!nop 
401228!nop 
401229!nop 
40122a!nop 
40122b!nop 
40122c!nop 
40122d!nop 
40122e!nop 
40122f!nop 
401230!nop 
401231!nop 
401232!nop 
401233!nop 
401234!inc ecx!RR_ecx_1!WR_ecx_2
401235!cmp ecx, 0x4!RR_ecx_2
401238!jnz 0x401015
401015!xor dword ptr [edi+ecx*4], esi!RM_40200c_4_52434e45!RR_ecx_2_esi_5a59334b_edi_402004!WM_40200c_4_81a7d0e
401018!nop 
401019!nop 
40101a!nop 
40101b!nop 
40101c!nop 
40101d!nop 
40101e!nop 
40101f!nop 
401020!nop 
401021!nop 
401022!nop 
401023!nop 
401024!nop 
401025!nop 
401026!nop 
401027!nop 
401028!nop 
401029!nop 
40102a!nop 
40102b!nop 
40102c!nop 
40102d!nop 
40102e!nop 
40102f!nop 
401030!nop 
401031!nop 
401032!nop 
401033!nop 
401034!nop 
401035!nop 
401036!nop 
401037!nop 
401038!nop 
401039!nop 
40103a!nop 
40103b!nop 
40103c!nop 
40103d!nop 
40103e!nop 
40103f!nop 
401040!nop 
401041!nop 
401042!nop 
401043!nop 
401044!nop 
401045!nop 
401046!nop 
401047!nop 
401048!nop 
401049!nop 
40104a!nop 
40104b!nop 
40104c!nop 
40104d!nop 
40104e!nop 
40104f!nop 
401050!nop 
401051!nop 
401052!nop 
401053!nop 
401054!nop 
401055!nop 
401056!nop 
401057!nop 
401058!nop 
401059!nop 
40105a!nop 
40105b!nop 
40105c!nop 
40105d!nop 
40105e!nop 
40105f!nop 
401060!nop 
401061!nop 
401062!nop 
401063!nop 
401064!nop 
401065!nop 
401066!nop 
401067!nop 
401068!nop 
401069!nop 
40106a!nop 
40106b!nop 
40106c!nop 
40106d!nop 
40106e!nop 
40106f!nop 
401070!nop 
401071!nop 
401072!nop 
401073!nop 
401074!nop 
401075!nop 
401076!nop 
401077!nop 
401078!nop 
401079!nop 
40107a!nop 
40107b!nop 
40107c!nop 
40107d!nop 
40107e!nop 
40107f!nop 
401080!nop 
401081!nop 
401082!nop 
401083!nop 
401084!nop 
401085!nop 
401086!nop 
401087!nop 
401088!nop 
401089!nop 
40108a!nop 
40108b!nop 
40108c!nop 
40108d!nop 
40108e!nop 
40108f!nop 
401090!nop 
401091!nop 
401092!nop 
401093!nop 
401094!nop 
401095!nop 
401096!nop 
401097!nop 
401098!nop 
401099!nop 
40109a!nop 
40109b!nop 
40109c!nop 
40109d!nop 
40109e!nop 
40109f!nop 
4010a0!nop 
4010a1!nop 
4010a2!nop 
4010a3!nop 
4010a4!nop 
4010a5!nop 
4010a6!nop 
4010a7!nop 
4010a8!nop 
4010a9!nop 
4010aa!nop 
4010ab!nop 
4010ac!nop 
4010ad!nop 
4010ae!nop 
4010af!nop 
4010b0!nop 
4010b1!nop 
4010b2!nop 
4010b3!nop 
4010b4!nop 
4010b5!nop 
4010b6!nop 
4010b7!nop 
4010b8!nop 
4010b9!nop 
4010ba!nop 
4010bb!nop 
4010bc!nop 
4010bd!nop 
4010be!nop 
4010bf!nop 
4010c0!nop 
4010c1!nop 
4010c2!nop 
4010c3!nop 
4010c4!nop 
4010c5!nop 
4010c6!nop 
4010c7!nop 
4010c8!nop 
4010c9!nop 
4010ca!nop 
4010cb!nop 
4010cc!nop 
4010cd!nop 
4010ce!nop 
4010cf!nop 
4010d0!nop 
4010d1!nop 
4010d2!nop 
4010d3!nop 
4010d4!nop 
4010d5!nop 
4010d6!nop 
4010d7!nop 
4010d8!nop 
4010d9!nop 
4010da!nop 
4010db!nop 
4010dc!nop 
4010dd!nop 
4010de!nop 
4010df!nop 
4010e0!nop 
4010e1!nop 
4010e2!nop 
4010e3!nop 
4010e4!nop 
4010e5!nop 
4010e6!nop 
4010e7!nop 
4010e8!nop 
4010e9!nop 
4010ea!nop 
4010eb!nop 
4010ec!nop 
4010ed!nop 
4010ee!nop 
4010ef!nop 
4010f0!nop 
4010f1!nop 
4010f2!nop 
4010f3!nop 
4010f4!nop 
4010f5!nop 
4010f6!nop 
4010f7!nop 
4010f8!nop 
4010f9!nop 
4010fa!nop 
4010fb!nop 
4010fc!nop 
4010fd!nop 
4010fe!nop 
4010ff!nop 
401100!nop 
401101!nop 
401102!nop 
401103!nop 
401104!nop 
401105!nop 
401106!nop 
401107!nop 
401108!nop 
401109!nop 
40110a!nop 
40110b!nop 
40110c!nop 
40110d!nop 
40110e!nop 
40110f!nop 
401110!nop 
401111!nop 
401112!nop 
401113!nop 
401114!nop 
401115!nop 
401116!nop 
401117!nop 
401118!nop 
401119!nop 
40111a!nop 
40111b!nop 
40111c!nop 
40111d!nop 
40111e!nop 
40111f!nop 
401120!nop 
401121!nop 
401122!nop 
401123!nop 
401124!nop 
401125!nop 
401126!nop 
401127!nop 
401128!nop 
401129!nop 
40112a!nop 
40112b!nop 
40112c!nop 
40112d!nop 
40112e!nop 
40112f!nop 
401130!nop 
401131!nop 
401132!nop 
401133!nop 
401134!nop 
401135!nop 
401136!nop 
401137!nop 
401138!nop 
401139!nop 
40113a!nop 
40113b!nop 
40113c!nop 
40113d!nop 
40113e!nop 
40113f!nop 
401140!nop 
401141!nop 
401142!nop 
401143!nop 
401144!nop 
401145!nop 
401146!nop 
401147!nop 
401148!nop 
401149!nop 
40114a!nop 
40114b!nop 
40114c!nop 
40114d!nop 
40114e!nop 
40114f!nop 
401150!nop 
401151!nop 
401152!nop 
401153!nop 
401154!nop 
401155!nop 
401156!nop 
401157!nop 
401158!nop 
401159!nop 
40115a!nop 
40115b!nop 
40115c!nop 
40115d!nop 
40115e!nop 
40115f!nop 
401160!nop 
401161!nop 
401162!nop 
401163!nop 
401164!nop 
401165!nop 
401166!nop 
401167!nop 
401168!nop 
401169!nop 
40116a!nop 
40116b!nop 
40116c!nop 
40116d!nop 
40116e!nop 
40116f!nop 
401170!nop 
401171!nop 
401172!nop 
401173!nop 
401174!nop 
401175!nop 
401176!nop 
401177!nop 
401178!nop 
401179!nop 
40117a!nop 
40117b!nop 
40117c!nop 
40117d!nop 
40117e!nop 
40117f!nop 
401180!nop 
401181!nop 
401182!nop 
401183!nop 
401184!nop 
401185!nop 
401186!nop 
401187!nop 
401188!nop 
401189!nop 
40118a!nop 
40118b!nop 
40118c!nop 
40118d!nop 
40118e!nop 
40118f!nop 
401190!nop 
401191!nop 
401192!nop 
401193!nop 
401194!nop 
401195!nop 
401196!nop 
401197!nop 
401198!nop 
401199!nop 
40119a!nop 
40119b!nop 
40119c!nop 
40119d!nop 
40119e!nop 
40119f!nop 
4011a0!nop 
4011a1!nop 
4011a2!nop 
4011a3!nop 
4011a4!nop 
4011a5!nop 
4011a6!nop 
4011a7!nop 
4011a8!nop 
4011a9!nop 
4011aa!nop 
4011ab!nop 
4011ac!nop 
4011ad!nop 
4011ae!nop 
4011af!nop 
4011b0!nop 
4011b1!nop 
4011b2!nop 
4011b3!nop 
4011b4!nop 
4011b5!nop 
4011b6!nop 
4011b7!nop 
4011b8!nop 
4011b9!nop 
4011ba!nop 
4011bb!nop 
4011bc!nop 
4011bd!nop 
4011be!nop 
4011bf!nop 
4011c0!nop 
4011c1!nop 
4011c2!nop 
4011c3!nop 
4011c4!nop 
4011c5!nop 
4011c6!nop 
4011c7!nop 
4011c8!nop 
4011c9!nop 
4011ca!nop 
4011cb!nop 
4011cc!nop 
4011cd!nop 
4011ce!nop 
4011cf!nop 
4011d0!nop 
4011d1!nop 
4011d2!nop 
4011d3!nop 
4011d4!nop 
4011d5!nop 
4011d6!nop 
4011d7!nop 
4011d8!nop 
4011d9!nop 
4011da!nop 
4011db!nop 
4011dc!nop 
4011dd!nop 
4011de!nop 
4011df!nop 
4011e0!nop 
4011e1!nop 
4011e2!nop 
4011e3!nop 
4011e4!nop 
4011e5!nop 
4011e6!nop 
4011e7!nop 
4011e8!nop 
4011e9!nop 
4011ea!nop 
4011eb!nop 
4011ec!nop 
4011ed!nop 
4011ee!nop 
4011ef!nop 
4011f0!nop 
4011f1!nop 
4011f2!nop 
4011f3!nop 
4011f4!nop 
4011f5!nop 
4011f6!nop 
4011f7!nop 
4011f8!nop 
4011f9!nop 
4011fa!nop 
4011fb!nop 
4011fc!nop 
4011fd!nop 
4011fe!nop 
4011ff!nop 
401200!nop 
401201!nop 
401202!nop 
401203!nop 
401204!nop 
401205!nop 
401206!nop 
401207!nop 
401208!nop 
401209!nop 
40120a!nop 
40120b!nop 
40120c!nop 
40120d!nop 
40120e!nop 
40120f!nop 
401210!nop 
401211!nop 
401212!nop 
401213!nop 
401214!nop 
401215!nop 
401216!nop 
401217!nop 
401218!nop 
401219!nop 
40121a!nop 
40121b!nop 
40121c!nop 
40121d!nop 
40121e!nop 
40121f!nop 
401220!nop 
401221!nop 
401222!nop 
401223!nop 
401224!nop 
401225!nop 
401226!nop 
401227!nop 
401228!nop 
401229!nop 
40122a!nop 
40122b!nop 
40122c!nop 
40122d!nop 
40122e!nop 
40122f!nop 
401230!nop 
401231!nop 
401232!nop 
401233!nop 
401234!inc ecx!RR_ecx_2!WR_ecx_3
401235!cmp ecx, 0x4!RR_ecx_3
401238!jnz 0x401015
401015!xor dword ptr [edi+ecx*4], esi!RM_402010_4_45545059!RR_ecx_3_esi_5a59334b_edi_402004!WM_402010_4_1f0d6312
401018!nop 
401019!nop 
40101a!nop 
40101b!nop 
40101c!nop 
40101d!nop 
40101e!nop 
40101f!nop 
401020!nop 
401021!nop 
401022!nop 
401023!nop 
401024!nop 
401025!nop 
401026!nop 
401027!nop 
401028!nop 
401029!nop 
40102a!nop 
40102b!nop 
40102c!nop 
40102d!nop 
40102e!nop 
40102f!nop 
401030!nop 
401031!nop 
401032!nop 
401033!nop 
401034!nop 
401035!nop 
401036!nop 
401037!nop 
401038!nop 
401039!nop 
40103a!nop 
40103b!nop 
40103c!nop 
40103d!nop 
40103e!nop 
40103f!nop 
401040!nop 
401041!nop 
401042!nop 
401043!nop 
401044!nop 
401045!nop 
401046!nop 
401047!nop 
401048!nop 
401049!nop 
40104a!nop 
40104b!nop 
40104c!nop 
40104d!nop 
40104e!nop 
40104f!nop 
401050!nop 
401051!nop 
401052!nop 
401053!nop 
401054!nop 
401055!nop 
401056!nop 
401057!nop 
401058!nop 
401059!nop 
40105a!nop 
40105b!nop 
40105c!nop 
40105d!nop 
40105e!nop 
40105f!nop 
401060!nop 
401061!nop 
401062!nop 
401063!nop 
401064!nop 
401065!nop 
401066!nop 
401067!nop 
401068!nop 
401069!nop 
40106a!nop 
40106b!nop 
40106c!nop 
40106d!nop 
40106e!nop 
40106f!nop 
401070!nop 
401071!nop 
401072!nop 
401073!nop 
401074!nop 
401075!nop 
401076!nop 
401077!nop 
401078!nop 
401079!nop 
40107a!nop 
40107b!nop 
40107c!nop 
40107d!nop 
40107e!nop 
40107f!nop 
401080!nop 
401081!nop 
401082!nop 
401083!nop 
401084!nop 
401085!nop 
401086!nop 
401087!nop 
401088!nop 
401089!nop 
40108a!nop 
40108b!nop 
40108c!nop 
40108d!nop 
40108e!nop 
40108f!nop 
401090!nop 
401091!nop 
401092!nop 
401093!nop 
401094!nop 
401095!nop 
401096!nop 
401097!nop 
401098!nop 
401099!nop 
40109a!nop 
40109b!nop 
40109c!nop 
40109d!nop 
40109e!nop 
40109f!nop 
4010a0!nop 
4010a1!nop 
4010a2!nop 
4010a3!nop 
4010a4!nop 
4010a5!nop 
4010a6!nop 
4010a7!nop 
4010a8!nop 
4010a9!nop 
4010aa!nop 
4010ab!nop 
4010ac!nop 
4010ad!nop 
4010ae!nop 
4010af!nop 
4010b0!nop 
4010b1!nop 
4010b2!nop 
4010b3!nop 
4010b4!nop 
4010b5!nop 
4010b6!nop 
4010b7!nop 
4010b8!nop 
4010b9!nop 
4010ba!nop 
4010bb!nop 
4010bc!nop 
4010bd!nop 
4010be!nop 
4010bf!nop 
4010c0!nop 
4010c1!nop 
4010c2!nop 
4010c3!nop 
4010c4!nop 
4010c5!nop 
4010c6!nop 
4010c7!nop 
4010c8!nop 
4010c9!nop 
4010ca!nop 
4010cb!nop 
4010cc!nop 
4010cd!nop 
4010ce!nop 
4010cf!nop 
4010d0!nop 
4010d1!nop 
4010d2!nop 
4010d3!nop 
4010d4!nop 
4010d5!nop 
4010d6!nop 
4010d7!nop 
4010d8!nop 
4010d9!nop 
4010da!nop 
4010db!nop 
4010dc!nop 
4010dd!nop 
4010de!nop 
4010df!nop 
4010e0!nop 
4010e1!nop 
4010e2!nop 
4010e3!nop 
4010e4!nop 
4010e5!nop 
4010e6!nop 
4010e7!nop 
4010e8!nop 
4010e9!nop 
4010ea!nop 
4010eb!nop 
4010ec!nop 
4010ed!nop 
4010ee!nop 
4010ef!nop 
4010f0!nop 
4010f1!nop 
4010f2!nop 
4010f3!nop 
4010f4!nop 
4010f5!nop 
4010f6!nop 
4010f7!nop 
4010f8!nop 
4010f9!nop 
4010fa!nop 
4010fb!nop 
4010fc!nop 
4010fd!nop 
4010fe!nop 
4010ff!nop 
401100!nop 
401101!nop 
401102!nop 
401103!nop 
401104!nop 
401105!nop 
401106!nop 
401107!nop 
401108!nop 
401109!nop 
40110a!nop 
40110b!nop 
40110c!nop 
40110d!nop 
40110e!nop 
40110f!nop 
401110!nop 
401111!nop 
401112!nop 
401113!nop 
401114!nop 
401115!nop 
401116!nop 
401117!nop 
401118!nop 
401119!nop 
40111a!nop 
40111b!nop 
40111c!nop 
40111d!nop 
40111e!nop 
40111f!nop 
401120!nop 
401121!nop 
401122!nop 
401123!nop 
401124!nop 
401125!nop 
401126!nop 
401127!nop 
401128!nop 
401129!nop 
40112a!nop 
40112b!nop 
40112c!nop 
40112d!nop 
40112e!nop 
40112f!nop 
401130!nop 
401131!nop 
401132!nop 
401133!nop 
401134!nop 
401135!nop 
401136!nop 
401137!nop 
401138!nop 
401139!nop 
40113a!nop 
40113b!nop 
40113c!nop 
40113d!nop 
40113e!nop 
40113f!nop 
401140!nop 
401141!nop 
401142!nop 
401143!nop 
401144!nop 
401145!nop 
401146!nop 
401147!nop 
401148!nop 
401149!nop 
40114a!nop 
40114b!nop 
40114c!nop 
40114d!nop 
40114e!nop 
40114f!nop 
401150!nop 
401151!nop 
401152!nop 
401153!nop 
401154!nop 
401155!nop 
401156!nop 
401157!nop 
401158!nop 
401159!nop 
40115a!nop 
40115b!nop 
40115c!nop 
40115d!nop 
40115e!nop 
40115f!nop 
401160!nop 
401161!nop 
401162!nop 
401163!nop 
401164!nop 
401165!nop 
401166!nop 
401167!nop 
401168!nop 
401169!nop 
40116a!nop 
40116b!nop 
40116c!nop 
40116d!nop 
40116e!nop 
40116f!nop 
401170!nop 
401171!nop 
401172!nop 
401173!nop 
401174!nop 
401175!nop 
401176!nop 
401177!nop 
401178!nop 
401179!nop 
40117a!nop 
40117b!nop 
40117c!nop 
40117d!nop 
40117e!nop 
40117f!nop 
401180!nop 
401181!nop 
401182!nop 
401183!nop 
401184!nop 
401185!nop 
401186!nop 
401187!nop 
401188!nop 
401189!nop 
40118a!nop 
40118b!nop 
40118c!nop 
40118d!nop 
40118e!nop 
40118f!nop 
401190!nop 
401191!nop 
401192!nop 
401193!nop 
401194!nop 
401195!nop 
401196!nop 
401197!nop 
401198!nop 
401199!nop 
40119a!nop 
40119b!nop 
40119c!nop 
40119d!nop 
40119e!nop 
40119f!nop 
4011a0!nop 
4011a1!nop 
4011a2!nop 
4011a3!nop 
4011a4!nop 
4011a5!nop 
4011a6!nop 
4011a7!nop 
4011a8!nop 
4011a9!nop 
4011aa!nop 
4011ab!nop 
4011ac!nop 
4011ad!nop 
4011ae!nop 
4011af!nop 
4011b0!nop 
4011b1!nop 
4011b2!nop 
4011b3!nop 
4011b4!nop 
4011b5!nop 
4011b6!nop 
4011b7!nop 
4011b8!nop 
4011b9!nop 
4011ba!nop 
4011bb!nop 
4011bc!nop 
4011bd!nop 
4011be!nop 
4011bf!nop 
4011c0!nop 
4011c1!nop 
4011c2!nop 
4011c3!nop 
4011c4!nop 
4011c5!nop 
4011c6!nop 
4011c7!nop 
4011c8!nop 
4011c9!nop 
4011ca!nop 
4011cb!nop 
4011cc!nop 
4011cd!nop 
4011ce!nop 
4011cf!nop 
4011d0!nop 
4011d1!nop 
4011d2!nop 
4011d3!nop 
4011d4!nop 
4011d5!nop 
4011d6!nop 
4011d7!nop 
4011d8!nop 
4011d9!nop 
4011da!nop 
4011db!nop 
4011dc!nop 
4011dd!nop 
4011de!nop 
4011df!nop 
4011e0!nop 
4011e1!nop 
4011e2!nop 
4011e3!nop 
4011e4!nop 
4011e5!nop 
4011e6!nop 
4011e7!nop 
4011e8!nop 
4011e9!nop 
4011ea!nop 
4011eb!nop 
4011ec!nop 
4011ed!nop 
4011ee!nop 
4011ef!nop 
4011f0!nop 
4011f1!nop 
4011f2!nop 
4011f3!nop 
4011f4!nop 
4011f5!nop 
4011f6!nop 
4011f7!nop 
4011f8!nop 
4011f9!nop 
4011fa!nop 
4011fb!nop 
4011fc!nop 
4011fd!nop 
4011fe!nop 
4011ff!nop 
401200!nop 
401201!nop 
401202!nop 
401203!nop 
401204!nop 
401205!nop 
401206!nop 
401207!nop 
401208!nop 
401209!nop 
40120a!nop 
40120b!nop 
40120c!nop 
40120d!nop 
40120e!nop 
40120f!nop 
401210!nop 
401211!nop 
401212!nop 
401213!nop 
401214!nop 
401215!nop 
401216!nop 
401217!nop 
401218!nop 
401219!nop 
40121a!nop 
40121b!nop 
40121c!nop 
40121d!nop 
40121e!nop 
40121f!nop 
401220!nop 
401221!nop 
401222!nop 
401223!nop 
401224!nop 
401225!nop 
401226!nop 
401227!nop 
401228!nop 
401229!nop 
40122a!nop 
40122b!nop 
40122c!nop 
40122d!nop 
40122e!nop 
40122f!nop 
401230!nop 
401231!nop 
401232!nop 
401233!nop 
401234!inc ecx!RR_ecx_3!WR_ecx_4
401235!cmp ecx, 0x4!RR_ecx_4
401238!jnz 0x401015
40123e!inc edx!RR_edx_0!WR_edx_1
40123f!mov edi, 0x402004!WR_edi_402004
401244!add edi, 0x10!RR_edi_402004!WR_edi_402014
401247!cmp edx, 0x2!RR_edx_1
40124a!jnz 0x401010
401010!mov ecx, 0x0!WR_ecx_0
401015!xor dword ptr [edi+ecx*4], esi!RM_402014_4_52434e45!RR_ecx_0_esi_5a59334b_edi_402014!WM_402014_4_81a7d0e
401018!nop 
401019!nop 
40101a!nop 
40101b!nop 
40101c!nop 
40101d!nop 
40101e!nop 
40101f!nop 
401020!nop 
401021!nop 
401022!nop 
401023!nop 
401024!nop 
401025!nop 
401026!nop 
401027!nop 
401028!nop 
401029!nop 
40102a!nop 
40102b!nop 
40102c!nop 
40102d!nop 
40102e!nop 
40102f!nop 
401030!nop 
401031!nop 
401032!nop 
401033!nop 
401034!nop 
401035!nop 
401036!nop 
401037!nop 
401038!nop 
401039!nop 
40103a!nop 
40103b!nop 
40103c!nop 
40103d!nop 
40103e!nop 
40103f!nop 
401040!nop 
401041!nop 
401042!nop 
401043!nop 
401044!nop 
401045!nop 
401046!nop 
401047!nop 
401048!nop 
401049!nop 
40104a!nop 
40104b!nop 
40104c!nop 
40104d!nop 
40104e!nop 
40104f!nop 
401050!nop 
401051!nop 
401052!nop 
401053!nop 
401054!nop 
401055!nop 
401056!nop 
401057!nop 
401058!nop 
401059!nop 
40105a!nop 
40105b!nop 
40105c!nop 
40105d!nop 
40105e!nop 
40105f!nop 
401060!nop 
401061!nop 
401062!nop 
401063!nop 
401064!nop 
401065!nop 
401066!nop 
401067!nop 
401068!nop 
401069!nop 
40106a!nop 
40106b!nop 
40106c!nop 
40106d!nop 
40106e!nop 
40106f!nop 
401070!nop 
401071!nop 
401072!nop 
401073!nop 
401074!nop 
401075!nop 
401076!nop 
401077!nop 
401078!nop 
401079!nop 
40107a!nop 
40107b!nop 
40107c!nop 
40107d!nop 
40107e!nop 
40107f!nop 
401080!nop 
401081!nop 
401082!nop 
401083!nop 
401084!nop 
401085!nop 
401086!nop 
401087!nop 
401088!nop 
401089!nop 
40108a!nop 
40108b!nop 
40108c!nop 
40108d!nop 
40108e!nop 
40108f!nop 
401090!nop 
401091!nop 
401092!nop 
401093!nop 
401094!nop 
401095!nop 
401096!nop 
401097!nop 
401098!nop 
401099!nop 
40109a!nop 
40109b!nop 
40109c!nop 
40109d!nop 
40109e!nop 
40109f!nop 
4010a0!nop 
4010a1!nop 
4010a2!nop 
4010a3!nop 
4010a4!nop 
4010a5!nop 
4010a6!nop 
4010a7!nop 
4010a8!nop 
4010a9!nop 
4010aa!nop 
4010ab!nop 
4010ac!nop 
4010ad!nop 
4010ae!nop 
4010af!nop 
4010b0!nop 
4010b1!nop 
4010b2!nop 
4010b3!nop 
4010b4!nop 
4010b5!nop 
4010b6!nop 
4010b7!nop 
4010b8!nop 
4010b9!nop 
4010ba!nop 
4010bb!nop 
4010bc!nop 
4010bd!nop 
4010be!nop 
4010bf!nop 
4010c0!nop 
4010c1!nop 
4010c2!nop 
4010c3!nop 
4010c4!nop 
4010c5!nop 
4010c6!nop 
4010c7!nop 
4010c8!nop 
4010c9!nop 
4010ca!nop 
4010cb!nop 
4010cc!nop 
4010cd!nop 
4010ce!nop 
4010cf!nop 
4010d0!nop 
4010d1!nop 
4010d2!nop 
4010d3!nop 
4010d4!nop 
4010d5!nop 
4010d6!nop 
4010d7!nop 
4010d8!nop 
4010d9!nop 
4010da!nop 
4010db!nop 
4010dc!nop 
4010dd!nop 
4010de!nop 
4010df!nop 
4010e0!nop 
4010e1!nop 
4010e2!nop 
4010e3!nop 
4010e4!nop 
4010e5!nop 
4010e6!nop 
4010e7!nop 
4010e8!nop 
4010e9!nop 
4010ea!nop 
4010eb!nop 
4010ec!nop 
4010ed!nop 
4010ee!nop 
4010ef!nop 
4010f0!nop 
4010f1!nop 
4010f2!nop 
4010f3!nop 
4010f4!nop 
4010f5!nop 
4010f6!nop 
4010f7!nop 
4010f8!nop 
4010f9!nop 
4010fa!nop 
4010fb!nop 
4010fc!nop 
4010fd!nop 
4010fe!nop 
4010ff!nop 
401100!nop 
401101!nop 
401102!nop 
401103!nop 
401104!nop 
401105!nop 
401106!nop 
401107!nop 
401108!nop 
401109!nop 
40110a!nop 
40110b!nop 
40110c!nop 
40110d!nop 
40110e!nop 
40110f!nop 
401110!nop 
401111!nop 
401112!nop 
401113!nop 
401114!nop 
401115!nop 
401116!nop 
401117!nop 
401118!nop 
401119!nop 
40111a!nop 
40111b!nop 
40111c!nop 
40111d!nop 
40111e!nop 
40111f!nop 
401120!nop 
401121!nop 
401122!nop 
401123!nop 
401124!nop 
401125!nop 
401126!nop 
401127!nop 
401128!nop 
401129!nop 
40112a!nop 
40112b!nop 
40112c!nop 
40112d!nop 
40112e!nop 
40112f!nop 
401130!nop 
401131!nop 
401132!nop 
401133!nop 
401134!nop 
401135!nop 
401136!nop 
401137!nop 
401138!nop 
401139!nop 
40113a!nop 
40113b!nop 
40113c!nop 
40113d!nop 
40113e!nop 
40113f!nop 
401140!nop 
401141!nop 
401142!nop 
401143!nop 
401144!nop 
401145!nop 
401146!nop 
401147!nop 
401148!nop 
401149!nop 
40114a!nop 
40114b!nop 
40114c!nop 
40114d!nop 
40114e!nop 
40114f!nop 
401150!nop 
401151!nop 
401152!nop 
401153!nop 
401154!nop 
401155!nop 
401156!nop 
401157!nop 
401158!nop 
401159!nop 
40115a!nop 
40115b!nop 
40115c!nop 
40115d!nop 
40115e!nop 
40115f!nop 
401160!nop 
401161!nop 
401162!nop 
401163!nop 
401164!nop 
401165!nop 
401166!nop 
401167!nop 
401168!nop 
401169!nop 
40116a!nop 
40116b!nop 
40116c!nop 
40116d!nop 
40116e!nop 
40116f!nop 
401170!nop 
401171!nop 
401172!nop 
401173!nop 
401174!nop 
401175!nop 
401176!nop 
401177!nop 
401178!nop 
401179!nop 
40117a!nop 
40117b!nop 
40117c!nop 
40117d!nop 
40117e!nop 
40117f!nop 
401180!nop 
401181!nop 
401182!nop 
401183!nop 
401184!nop 
401185!nop 
401186!nop 
401187!nop 
401188!nop 
401189!nop 
40118a!nop 
40118b!nop 
40118c!nop 
40118d!nop 
40118e!nop 
40118f!nop 
401190!nop 
401191!nop 
401192!nop 
401193!nop 
401194!nop 
401195!nop 
401196!nop 
401197!nop 
401198!nop 
401199!nop 
40119a!nop 
40119b!nop 
40119c!nop 
40119d!nop 
40119e!nop 
40119f!nop 
4011a0!nop 
4011a1!nop 
4011a2!nop 
4011a3!nop 
4011a4!nop 
4011a5!nop 
4011a6!nop 
4011a7!nop 
4011a8!nop 
4011a9!nop 
4011aa!nop 
4011ab!nop 
4011ac!nop 
4011ad!nop 
4011ae!nop 
4011af!nop 
4011b0!nop 
4011b1!nop 
4011b2!nop 
4011b3!nop 
4011b4!nop 
4011b5!nop 
4011b6!nop 
4011b7!nop 
4011b8!nop 
4011b9!nop 
4011ba!nop 
4011bb!nop 
4011bc!nop 
4011bd!nop 
4011be!nop 
4011bf!nop 
4011c0!nop 
4011c1!nop 
4011c2!nop 
4011c3!nop 
4011c4!nop 
4011c5!nop 
4011c6!nop 
4011c7!nop 
4011c8!nop 
4011c9!nop 
4011ca!nop 
4011cb!nop 
4011cc!nop 
4011cd!nop 
4011ce!nop 
4011cf!nop 
4011d0!nop 
4011d1!nop 
4011d2!nop 
4011d3!nop 
4011d4!nop 
4011d5!nop 
4011d6!nop 
4011d7!nop 
4011d8!nop 
4011d9!nop 
4011da!nop 
4011db!nop 
4011dc!nop 
4011dd!nop 
4011de!nop 
4011df!nop 
4011e0!nop 
4011e1!nop 
4011e2!nop 
4011e3!nop 
4011e4!nop 
4011e5!nop 
4011e6!nop 
4011e7!nop 
4011e8!nop 
4011e9!nop 
4011ea!nop 
4011eb!nop 
4011ec!nop 
4011ed!nop 
4011ee!nop 
4011ef!nop 
4011f0!nop 
4011f1!nop 
4011f2!nop 
4011f3!nop 
4011f4!nop 
4011f5!nop 
4011f6!nop 
4011f7!nop 
4011f8!nop 
4011f9!nop 
4011fa!nop 
4011fb!nop 
4011fc!nop 
4011fd!nop 
4011fe!nop 
4011ff!nop 
401200!nop 
401201!nop 
401202!nop 
401203!nop 
401204!nop 
401205!nop 
401206!nop 
401207!nop 
401208!nop 
401209!nop 
40120a!nop 
40120b!nop 
40120c!nop 
40120d!nop 
40120e!nop 
40120f!nop 
401210!nop 
401211!nop 
401212!nop 
401213!nop 
401214!nop 
401215!nop 
401216!nop 
401217!nop 
401218!nop 
401219!nop 
40121a!nop 
40121b!nop 
40121c!nop 
40121d!nop 
40121e!nop 
40121f!nop 
401220!nop 
401221!nop 
401222!nop 
401223!nop 
401224!nop 
401225!nop 
401226!nop 
401227!nop 
401228!nop 
401229!nop 
40122a!nop 
40122b!nop 
40122c!nop 
40122d!nop 
40122e!nop 
40122f!nop 
401230!nop 
401231!nop 
401232!nop 
401233!nop 
401234!inc ecx!RR_ecx_0!WR_ecx_1
401235!cmp ecx, 0x4!RR_ecx_1
401238!jnz 0x401015
401015!xor dword ptr [edi+ecx*4], esi!RM_402018_4_45545059!RR_ecx_1_esi_5a59334b_edi_402014!WM_402018_4_1f0d6312
401018!nop 
401019!nop 
40101a!nop 
40101b!nop 
40101c!nop 
40101d!nop 
40101e!nop 
40101f!nop 
401020!nop 
401021!nop 
401022!nop 
401023!nop 
401024!nop 
401025!nop 
401026!nop 
401027!nop 
401028!nop 
401029!nop 
40102a!nop 
40102b!nop 
40102c!nop 
40102d!nop 
40102e!nop 
40102f!nop 
401030!nop 
401031!nop 
401032!nop 
401033!nop 
401034!nop 
401035!nop 
401036!nop 
401037!nop 
401038!nop 
401039!nop 
40103a!nop 
40103b!nop 
40103c!nop 
40103d!nop 
40103e!nop 
40103f!nop 
401040!nop 
401041!nop 
401042!nop 
401043!nop 
401044!nop 
401045!nop 
401046!nop 
401047!nop 
401048!nop 
401049!nop 
40104a!nop 
40104b!nop 
40104c!nop 
40104d!nop 
40104e!nop 
40104f!nop 
401050!nop 
401051!nop 
401052!nop 
401053!nop 
401054!nop 
401055!nop 
401056!nop 
401057!nop 
401058!nop 
401059!nop 
40105a!nop 
40105b!nop 
40105c!nop 
40105d!nop 
40105e!nop 
40105f!nop 
401060!nop 
401061!nop 
401062!nop 
401063!nop 
401064!nop 
401065!nop 
401066!nop 
401067!nop 
401068!nop 
401069!nop 
40106a!nop 
40106b!nop 
40106c!nop 
40106d!nop 
40106e!nop 
40106f!nop 
401070!nop 
401071!nop 
401072!nop 
401073!nop 
401074!nop 
401075!nop 
401076!nop 
401077!nop 
401078!nop 
401079!nop 
40107a!nop 
40107b!nop 
40107c!nop 
40107d!nop 
40107e!nop 
40107f!nop 
401080!nop 
401081!nop 
401082!nop 
401083!nop 
401084!nop 
401085!nop 
401086!nop 
401087!nop 
401088!nop 
401089!nop 
40108a!nop 
40108b!nop 
40108c!nop 
40108d!nop 
40108e!nop 
40108f!nop 
401090!nop 
401091!nop 
401092!nop 
401093!nop 
401094!nop 
401095!nop 
401096!nop 
401097!nop 
401098!nop 
401099!nop 
40109a!nop 
40109b!nop 
40109c!nop 
40109d!nop 
40109e!nop 
40109f!nop 
4010a0!nop 
4010a1!nop 
4010a2!nop 
4010a3!nop 
4010a4!nop 
4010a5!nop 
4010a6!nop 
4010a7!nop 
4010a8!nop 
4010a9!nop 
4010aa!nop 
4010ab!nop 
4010ac!nop 
4010ad!nop 
4010ae!nop 
4010af!nop 
4010b0!nop 
4010b1!nop 
4010b2!nop 
4010b3!nop 
4010b4!nop 
4010b5!nop 
4010b6!nop 
4010b7!nop 
4010b8!nop 
4010b9!nop 
4010ba!nop 
4010bb!nop 
4010bc!nop 
4010bd!nop 
4010be!nop 
4010bf!nop 
4010c0!nop 
4010c1!nop 
4010c2!nop 
4010c3!nop 
4010c4!nop 
4010c5!nop 
4010c6!nop 
4010c7!nop 
4010c8!nop 
4010c9!nop 
4010ca!nop 
4010cb!nop 
4010cc!nop 
4010cd!nop 
4010ce!nop 
4010cf!nop 
4010d0!nop 
4010d1!nop 
4010d2!nop 
4010d3!nop 
4010d4!nop 
4010d5!nop 
4010d6!nop 
4010d7!nop 
4010d8!nop 
4010d9!nop 
4010da!nop 
4010db!nop 
4010dc!nop 
4010dd!nop 
4010de!nop 
4010df!nop 
4010e0!nop 
4010e1!nop 
4010e2!nop 
4010e3!nop 
4010e4!nop 
4010e5!nop 
4010e6!nop 
4010e7!nop 
4010e8!nop 
4010e9!nop 
4010ea!nop 
4010eb!nop 
4010ec!nop 
4010ed!nop 
4010ee!nop 
4010ef!nop 
4010f0!nop 
4010f1!nop 
4010f2!nop 
4010f3!nop 
4010f4!nop 
4010f5!nop 
4010f6!nop 
4010f7!nop 
4010f8!nop 
4010f9!nop 
4010fa!nop 
4010fb!nop 
4010fc!nop 
4010fd!nop 
4010fe!nop 
4010ff!nop 
401100!nop 
401101!nop 
401102!nop 
401103!nop 
401104!nop 
401105!nop 
401106!nop 
401107!nop 
401108!nop 
401109!nop 
40110a!nop 
40110b!nop 
40110c!nop 
40110d!nop 
40110e!nop 
40110f!nop 
401110!nop 
401111!nop 
401112!nop 
401113!nop 
401114!nop 
401115!nop 
401116!nop 
401117!nop 
401118!nop 
401119!nop 
40111a!nop 
40111b!nop 
40111c!nop 
40111d!nop 
40111e!nop 
40111f!nop 
401120!nop 
401121!nop 
401122!nop 
401123!nop 
401124!nop 
401125!nop 
401126!nop 
401127!nop 
401128!nop 
401129!nop 
40112a!nop 
40112b!nop 
40112c!nop 
40112d!nop 
40112e!nop 
40112f!nop 
401130!nop 
401131!nop 
401132!nop 
401133!nop 
401134!nop 
401135!nop 
401136!nop 
401137!nop 
401138!nop 
401139!nop 
40113a!nop 
40113b!nop 
40113c!nop 
40113d!nop 
40113e!nop 
40113f!nop 
401140!nop 
401141!nop 
401142!nop 
401143!nop 
401144!nop 
401145!nop 
401146!nop 
401147!nop 
401148!nop 
401149!nop 
40114a!nop 
40114b!nop 
40114c!nop 
40114d!nop 
40114e!nop 
40114f!nop 
401150!nop 
401151!nop 
401152!nop 
401153!nop 
401154!nop 
401155!nop 
401156!nop 
401157!nop 
401158!nop 
401159!nop 
40115a!nop 
40115b!nop 
40115c!nop 
40115d!nop 
40115e!nop 
40115f!nop 
401160!nop 
401161!nop 
401162!nop 
401163!nop 
401164!nop 
401165!nop 
401166!nop 
401167!nop 
401168!nop 
401169!nop 
40116a!nop 
40116b!nop 
40116c!nop 
40116d!nop 
40116e!nop 
40116f!nop 
401170!nop 
401171!nop 
401172!nop 
401173!nop 
401174!nop 
401175!nop 
401176!nop 
401177!nop 
401178!nop 
401179!nop 
40117a!nop 
40117b!nop 
40117c!nop 
40117d!nop 
40117e!nop 
40117f!nop 
401180!nop 
401181!nop 
401182!nop 
401183!nop 
401184!nop 
401185!nop 
401186!nop 
401187!nop 
401188!nop 
401189!nop 
40118a!nop 
40118b!nop 
40118c!nop 
40118d!nop 
40118e!nop 
40118f!nop 
401190!nop 
401191!nop 
401192!nop 
401193!nop 
401194!nop 
401195!nop 
401196!nop 
401197!nop 
401198!nop 
401199!nop 
40119a!nop 
40119b!nop 
40119c!nop 
40119d!nop 
40119e!nop 
40119f!nop 
4011a0!nop 
4011a1!nop 
4011a2!nop 
4011a3!nop 
4011a4!nop 
4011a5!nop 
4011a6!nop 
4011a7!nop 
4011a8!nop 
4011a9!nop 
4011aa!nop 
4011ab!nop 
4011ac!nop 
4011ad!nop 
4011ae!nop 
4011af!nop 
4011b0!nop 
4011b1!nop 
4011b2!nop 
4011b3!nop 
4011b4!nop 
4011b5!nop 
4011b6!nop 
4011b7!nop 
4011b8!nop 
4011b9!nop 
4011ba!nop 
4011bb!nop 
4011bc!nop 
4011bd!nop 
4011be!nop 
4011bf!nop 
4011c0!nop 
4011c1!nop 
4011c2!nop 
4011c3!nop 
4011c4!nop 
4011c5!nop 
4011c6!nop 
4011c7!nop 
4011c8!nop 
4011c9!nop 
4011ca!nop 
4011cb!nop 
4011cc!nop 
4011cd!nop 
4011ce!nop 
4011cf!nop 
4011d0!nop 
4011d1!nop 
4011d2!nop 
4011d3!nop 
4011d4!nop 
4011d5!nop 
4011d6!nop 
4011d7!nop 
4011d8!nop 
4011d9!nop 
4011da!nop 
4011db!nop 
4011dc!nop 
4011dd!nop 
4011de!nop 
4011df!nop 
4011e0!nop 
4011e1!nop 
4011e2!nop 
4011e3!nop 
4011e4!nop 
4011e5!nop 
4011e6!nop 
4011e7!nop 
4011e8!nop 
4011e9!nop 
4011ea!nop 
4011eb!nop 
4011ec!nop 
4011ed!nop 
4011ee!nop 
4011ef!nop 
4011f0!nop 
4011f1!nop 
4011f2!nop 
4011f3!nop 
4011f4!nop 
4011f5!nop 
4011f6!nop 
4011f7!nop 
4011f8!nop 
4011f9!nop 
4011fa!nop 
4011fb!nop 
4011fc!nop 
4011fd!nop 
4011fe!nop 
4011ff!nop 
401200!nop 
401201!nop 
401202!nop 
401203!nop 
401204!nop 
401205!nop 
401206!nop 
401207!nop 
401208!nop 
401209!nop 
40120a!nop 
40120b!nop 
40120c!nop 
40120d!nop 
40120e!nop 
40120f!nop 
401210!nop 
401211!nop 
401212!nop 
401213!nop 
401214!nop 
401215!nop 
401216!nop 
401217!nop 
401218!nop 
401219!nop 
40121a!nop 
40121b!nop 
40121c!nop 
40121d!nop 
40121e!nop 
40121f!nop 
401220!nop 
401221!nop 
401222!nop 
401223!nop 
401224!nop 
401225!nop 
401226!nop 
401227!nop 
401228!nop 
401229!nop 
40122a!nop 
40122b!nop 
40122c!nop 
40122d!nop 
40122e!nop 
40122f!nop 
401230!nop 
401231!nop 
401232!nop 
401233!nop 
401234!inc ecx!RR_ecx_1!WR_ecx_2
401235!cmp ecx, 0x4!RR_ecx_2
401238!jnz 0x401015
401015!xor dword ptr [edi+ecx*4], esi!RM_40201c_4_52434e45!RR_ecx_2_esi_5a59334b_edi_402014!WM_40201c_4_81a7d0e
401018!nop 
401019!nop 
40101a!nop 
40101b!nop 
40101c!nop 
40101d!nop 
40101e!nop 
40101f!nop 
401020!nop 
401021!nop 
401022!nop 
401023!nop 
401024!nop 
401025!nop 
401026!nop 
401027!nop 
401028!nop 
401029!nop 
40102a!nop 
40102b!nop 
40102c!nop 
40102d!nop 
40102e!nop 
40102f!nop 
401030!nop 
401031!nop 
401032!nop 
401033!nop 
401034!nop 
401035!nop 
401036!nop 
401037!nop 
401038!nop 
401039!nop 
40103a!nop 
40103b!nop 
40103c!nop 
40103d!nop 
40103e!nop 
40103f!nop 
401040!nop 
401041!nop 
401042!nop 
401043!nop 
401044!nop 
401045!nop 
401046!nop 
401047!nop 
401048!nop 
401049!nop 
40104a!nop 
40104b!nop 
40104c!nop 
40104d!nop 
40104e!nop 
40104f!nop 
401050!nop 
401051!nop 
401052!nop 
401053!nop 
401054!nop 
401055!nop 
401056!nop 
401057!nop 
401058!nop 
401059!nop 
40105a!nop 
40105b!nop 
40105c!nop 
40105d!nop 
40105e!nop 
40105f!nop 
401060!nop 
401061!nop 
401062!nop 
401063!nop 
401064!nop 
401065!nop 
401066!nop 
401067!nop 
401068!nop 
401069!nop 
40106a!nop 
40106b!nop 
40106c!nop 
40106d!nop 
40106e!nop 
40106f!nop 
401070!nop 
401071!nop 
401072!nop 
401073!nop 
401074!nop 
401075!nop 
401076!nop 
401077!nop 
401078!nop 
401079!nop 
40107a!nop 
40107b!nop 
40107c!nop 
40107d!nop 
40107e!nop 
40107f!nop 
401080!nop 
401081!nop 
401082!nop 
401083!nop 
401084!nop 
401085!nop 
401086!nop 
401087!nop 
401088!nop 
401089!nop 
40108a!nop 
40108b!nop 
40108c!nop 
40108d!nop 
40108e!nop 
40108f!nop 
401090!nop 
401091!nop 
401092!nop 
401093!nop 
401094!nop 
401095!nop 
401096!nop 
401097!nop 
401098!nop 
401099!nop 
40109a!nop 
40109b!nop 
40109c!nop 
40109d!nop 
40109e!nop 
40109f!nop 
4010a0!nop 
4010a1!nop 
4010a2!nop 
4010a3!nop 
4010a4!nop 
4010a5!nop 
4010a6!nop 
4010a7!nop 
4010a8!nop 
4010a9!nop 
4010aa!nop 
4010ab!nop 
4010ac!nop 
4010ad!nop 
4010ae!nop 
4010af!nop 
4010b0!nop 
4010b1!nop 
4010b2!nop 
4010b3!nop 
4010b4!nop 
4010b5!nop 
4010b6!nop 
4010b7!nop 
4010b8!nop 
4010b9!nop 
4010ba!nop 
4010bb!nop 
4010bc!nop 
4010bd!nop 
4010be!nop 
4010bf!nop 
4010c0!nop 
4010c1!nop 
4010c2!nop 
4010c3!nop 
4010c4!nop 
4010c5!nop 
4010c6!nop 
4010c7!nop 
4010c8!nop 
4010c9!nop 
4010ca!nop 
4010cb!nop 
4010cc!nop 
4010cd!nop 
4010ce!nop 
4010cf!nop 
4010d0!nop 
4010d1!nop 
4010d2!nop 
4010d3!nop 
4010d4!nop 
4010d5!nop 
4010d6!nop 
4010d7!nop 
4010d8!nop 
4010d9!nop 
4010da!nop 
4010db!nop 
4010dc!nop 
4010dd!nop 
4010de!nop 
4010df!nop 
4010e0!nop 
4010e1!nop 
4010e2!nop 
4010e3!nop 
4010e4!nop 
4010e5!nop 
4010e6!nop 
4010e7!nop 
4010e8!nop 
4010e9!nop 
4010ea!nop 
4010eb!nop 
4010ec!nop 
4010ed!nop 
4010ee!nop 
4010ef!nop 
4010f0!nop 
4010f1!nop 
4010f2!nop 
4010f3!nop 
4010f4!nop 
4010f5!nop 
4010f6!nop 
4010f7!nop 
4010f8!nop 
4010f9!nop 
4010fa!nop 
4010fb!nop 
4010fc!nop 
4010fd!nop 
4010fe!nop 
4010ff!nop 
401100!nop 
401101!nop 
401102!nop 
401103!nop 
401104!nop 
401105!nop 
401106!nop 
401107!nop 
401108!nop 
401109!nop 
40110a!nop 
40110b!nop 
40110c!nop 
40110d!nop 
40110e!nop 
40110f!nop 
401110!nop 
401111!nop 
401112!nop 
401113!nop 
401114!nop 
401115!nop 
401116!nop 
401117!nop 
401118!nop 
401119!nop 
40111a!nop 
40111b!nop 
40111c!nop 
40111d!nop 
40111e!nop 
40111f!nop 
401120!nop 
401121!nop 
401122!nop 
401123!nop 
401124!nop 
401125!nop 
401126!nop 
401127!nop 
401128!nop 
401129!nop 
40112a!nop 
40112b!nop 
40112c!nop 
40112d!nop 
40112e!nop 
40112f!nop 
401130!nop 
401131!nop 
401132!nop 
401133!nop 
401134!nop 
401135!nop 
401136!nop 
401137!nop 
401138!nop 
401139!nop 
40113a!nop 
40113b!nop 
40113c!nop 
40113d!nop 
40113e!nop 
40113f!nop 
401140!nop 
401141!nop 
401142!nop 
401143!nop 
401144!nop 
401145!nop 
401146!nop 
401147!nop 
401148!nop 
401149!nop 
40114a!nop 
40114b!nop 
40114c!nop 
40114d!nop 
40114e!nop 
40114f!nop 
401150!nop 
401151!nop 
401152!nop 
401153!nop 
401154!nop 
401155!nop 
401156!nop 
401157!nop 
401158!nop 
401159!nop 
40115a!nop 
40115b!nop 
40115c!nop 
40115d!nop 
40115e!nop 
40115f!nop 
401160!nop 
401161!nop 
401162!nop 
401163!nop 
401164!nop 
401165!nop 
401166!nop 
401167!nop 
401168!nop 
401169!nop 
40116a!nop 
40116b!nop 
40116c!nop 
40116d!nop 
40116e!nop 
40116f!nop 
401170!nop 
401171!nop 
401172!nop 
401173!nop 
401174!nop 
401175!nop 
401176!nop 
401177!nop 
401178!nop 
401179!nop 
40117a!nop 
40117b!nop 
40117c!nop 
40117d!nop 
40117e!nop 
40117f!nop 
401180!nop 
401181!nop 
401182!nop 
401183!nop 
401184!nop 
401185!nop 
401186!nop 
401187!nop 
401188!nop 
401189!nop 
40118a!nop 
40118b!nop 
40118c!nop 
40118d!nop 
40118e!nop 
40118f!nop 
401190!nop 
401191!nop 
401192!nop 
401193!nop 
401194!nop 
401195!nop 
401196!nop 
401197!nop 
401198!nop 
401199!nop 
40119a!nop 
40119b!nop 
40119c!nop 
40119d!nop 
40119e!nop 
40119f!nop 
4011a0!nop 
4011a1!nop 
4011a2!nop 
4011a3!nop 
4011a4!nop 
4011a5!nop 
4011a6!nop 
4011a7!nop 
4011a8!nop 
4011a9!nop 
4011aa!nop 
4011ab!nop 
4011ac!nop 
4011ad!nop 
4011ae!nop 
4011af!nop 
4011b0!nop 
4011b1!nop 
4011b2!nop 
4011b3!nop 
4011b4!nop 
4011b5!nop 
4011b6!nop 
4011b7!nop 
4011b8!nop 
4011b9!nop 
4011ba!nop 
4011bb!nop 
4011bc!nop 
4011bd!nop 
4011be!nop 
4011bf!nop 
4011c0!nop 
4011c1!nop 
4011c2!nop 
4011c3!nop 
4011c4!nop 
4011c5!nop 
4011c6!nop 
4011c7!nop 
4011c8!nop 
4011c9!nop 
4011ca!nop 
4011cb!nop 
4011cc!nop 
4011cd!nop 
4011ce!nop 
4011cf!nop 
4011d0!nop 
4011d1!nop 
4011d2!nop 
4011d3!nop 
4011d4!nop 
4011d5!nop 
4011d6!nop 
4011d7!nop 
4011d8!nop 
4011d9!nop 
4011da!nop 
4011db!nop 
4011dc!nop 
4011dd!nop 
4011de!nop 
4011df!nop 
4011e0!nop 
4011e1!nop 
4011e2!nop 
4011e3!nop 
4011e4!nop 
4011e5!nop 
4011e6!nop 
4011e7!nop 
4011e8!nop 
4011e9!nop 
4011ea!nop 
4011eb!nop 
4011ec!nop 
4011ed!nop 
4011ee!nop 
4011ef!nop 
4011f0!nop 
4011f1!nop 
4011f2!nop 
4011f3!nop 
4011f4!nop 
4011f5!nop 
4011f6!nop 
4011f7!nop 
4011f8!nop 
4011f9!nop 
4011fa!nop 
4011fb!nop 
4011fc!nop 
4011fd!nop 
4011fe!nop 
4011ff!nop 
401200!nop 
401201!nop 
401202!nop 
401203!nop 
401204!nop 
401205!nop 
401206!nop 
401207!nop 
401208!nop 
401209!nop 
40120a!nop 
40120b!nop 
40120c!nop 
40120d!nop 
40120e!nop 
40120f!nop 
401210!nop 
401211!nop 
401212!nop 
401213!nop 
401214!nop 
401215!nop 
401216!nop 
401217!nop 
401218!nop 
401219!nop 
40121a!nop 
40121b!nop 
40121c!nop 
40121d!nop 
40121e!nop 
40121f!nop 
401220!nop 
401221!nop 
401222!nop 
401223!nop 
401224!nop 
401225!nop 
401226!nop 
401227!nop 
401228!nop 
401229!nop 
40122a!nop 
40122b!nop 
40122c!nop 
40122d!nop 
40122e!nop 
40122f!nop 
401230!nop 
401231!nop 
401232!nop 
401233!nop 
401234!inc ecx!RR_ecx_2!WR_ecx_3
401235!cmp ecx, 0x4!RR_ecx_3
401238!jnz 0x401015
401015!xor dword ptr [edi+ecx*4], esi!RM_402020_4_45545059!RR_ecx_3_esi_5a59334b_edi_402014!WM_402020_4_1f0d6312
401018!nop 
401019!nop 
40101a!nop 
40101b!nop 
40101c!nop 
40101d!nop 
40101e!nop 
40101f!nop 
401020!nop 
401021!nop 
401022!nop 
401023!nop 
401024!nop 
401025!nop 
401026!nop 
401027!nop 
401028!nop 
401029!nop 
40102a!nop 
40102b!nop 
40102c!nop 
40102d!nop 
40102e!nop 
40102f!nop 
401030!nop 
401031!nop 
401032!nop 
401033!nop 
401034!nop 
401035!nop 
401036!nop 
401037!nop 
401038!nop 
401039!nop 
40103a!nop 
40103b!nop 
40103c!nop 
40103d!nop 
40103e!nop 
40103f!nop 
401040!nop 
401041!nop 
401042!nop 
401043!nop 
401044!nop 
401045!nop 
401046!nop 
401047!nop 
401048!nop 
401049!nop 
40104a!nop 
40104b!nop 
40104c!nop 
40104d!nop 
40104e!nop 
40104f!nop 
401050!nop 
401051!nop 
401052!nop 
401053!nop 
401054!nop 
401055!nop 
401056!nop 
401057!nop 
401058!nop 
401059!nop 
40105a!nop 
40105b!nop 
40105c!nop 
40105d!nop 
40105e!nop 
40105f!nop 
401060!nop 
401061!nop 
401062!nop 
401063!nop 
401064!nop 
401065!nop 
401066!nop 
401067!nop 
401068!nop 
401069!nop 
40106a!nop 
40106b!nop 
40106c!nop 
40106d!nop 
40106e!nop 
40106f!nop 
401070!nop 
401071!nop 
401072!nop 
401073!nop 
401074!nop 
401075!nop 
401076!nop 
401077!nop 
401078!nop 
401079!nop 
40107a!nop 
40107b!nop 
40107c!nop 
40107d!nop 
40107e!nop 
40107f!nop 
401080!nop 
401081!nop 
401082!nop 
401083!nop 
401084!nop 
401085!nop 
401086!nop 
401087!nop 
401088!nop 
401089!nop 
40108a!nop 
40108b!nop 
40108c!nop 
40108d!nop 
40108e!nop 
40108f!nop 
401090!nop 
401091!nop 
401092!nop 
401093!nop 
401094!nop 
401095!nop 
401096!nop 
401097!nop 
401098!nop 
401099!nop 
40109a!nop 
40109b!nop 
40109c!nop 
40109d!nop 
40109e!nop 
40109f!nop 
4010a0!nop 
4010a1!nop 
4010a2!nop 
4010a3!nop 
4010a4!nop 
4010a5!nop 
4010a6!nop 
4010a7!nop 
4010a8!nop 
4010a9!nop 
4010aa!nop 
4010ab!nop 
4010ac!nop 
4010ad!nop 
4010ae!nop 
4010af!nop 
4010b0!nop 
4010b1!nop 
4010b2!nop 
4010b3!nop 
4010b4!nop 
4010b5!nop 
4010b6!nop 
4010b7!nop 
4010b8!nop 
4010b9!nop 
4010ba!nop 
4010bb!nop 
4010bc!nop 
4010bd!nop 
4010be!nop 
4010bf!nop 
4010c0!nop 
4010c1!nop 
4010c2!nop 
4010c3!nop 
4010c4!nop 
4010c5!nop 
4010c6!nop 
4010c7!nop 
4010c8!nop 
4010c9!nop 
4010ca!nop 
4010cb!nop 
4010cc!nop 
4010cd!nop 
4010ce!nop 
4010cf!nop 
4010d0!nop 
4010d1!nop 
4010d2!nop 
4010d3!nop 
4010d4!nop 
4010d5!nop 
4010d6!nop 
4010d7!nop 
4010d8!nop 
4010d9!nop 
4010da!nop 
4010db!nop 
4010dc!nop 
4010dd!nop 
4010de!nop 
4010df!nop 
4010e0!nop 
4010e1!nop 
4010e2!nop 
4010e3!nop 
4010e4!nop 
4010e5!nop 
4010e6!nop 
4010e7!nop 
4010e8!nop 
4010e9!nop 
4010ea!nop 
4010eb!nop 
4010ec!nop 
4010ed!nop 
4010ee!nop 
4010ef!nop 
4010f0!nop 
4010f1!nop 
4010f2!nop 
4010f3!nop 
4010f4!nop 
4010f5!nop 
4010f6!nop 
4010f7!nop 
4010f8!nop 
4010f9!nop 
4010fa!nop 
4010fb!nop 
4010fc!nop 
4010fd!nop 
4010fe!nop 
4010ff!nop 
401100!nop 
401101!nop 
401102!nop 
401103!nop 
401104!nop 
401105!nop 
401106!nop 
401107!nop 
401108!nop 
401109!nop 
40110a!nop 
40110b!nop 
40110c!nop 
40110d!nop 
40110e!nop 
40110f!nop 
401110!nop 
401111!nop 
401112!nop 
401113!nop 
401114!nop 
401115!nop 
401116!nop 
401117!nop 
401118!nop 
401119!nop 
40111a!nop 
40111b!nop 
40111c!nop 
40111d!nop 
40111e!nop 
40111f!nop 
401120!nop 
401121!nop 
401122!nop 
401123!nop 
401124!nop 
401125!nop 
401126!nop 
401127!nop 
401128!nop 
401129!nop 
40112a!nop 
40112b!nop 
40112c!nop 
40112d!nop 
40112e!nop 
40112f!nop 
401130!nop 
401131!nop 
401132!nop 
401133!nop 
401134!nop 
401135!nop 
401136!nop 
401137!nop 
401138!nop 
401139!nop 
40113a!nop 
40113b!nop 
40113c!nop 
40113d!nop 
40113e!nop 
40113f!nop 
401140!nop 
401141!nop 
401142!nop 
401143!nop 
401144!nop 
401145!nop 
401146!nop 
401147!nop 
401148!nop 
401149!nop 
40114a!nop 
40114b!nop 
40114c!nop 
40114d!nop 
40114e!nop 
40114f!nop 
401150!nop 
401151!nop 
401152!nop 
401153!nop 
401154!nop 
401155!nop 
401156!nop 
401157!nop 
401158!nop 
401159!nop 
40115a!nop 
40115b!nop 
40115c!nop 
40115d!nop 
40115e!nop 
40115f!nop 
401160!nop 
401161!nop 
401162!nop 
401163!nop 
401164!nop 
401165!nop 
401166!nop 
401167!nop 
401168!nop 
401169!nop 
40116a!nop 
40116b!nop 
40116c!nop 
40116d!nop 
40116e!nop 
40116f!nop 
401170!nop 
401171!nop 
401172!nop 
401173!nop 
401174!nop 
401175!nop 
401176!nop 
401177!nop 
401178!nop 
401179!nop 
40117a!nop 
40117b!nop 
40117c!nop 
40117d!nop 
40117e!nop 
40117f!nop 
401180!nop 
401181!nop 
401182!nop 
401183!nop 
401184!nop 
401185!nop 
401186!nop 
401187!nop 
401188!nop 
401189!nop 
40118a!nop 
40118b!nop 
40118c!nop 
40118d!nop 
40118e!nop 
40118f!nop 
401190!nop 
401191!nop 
401192!nop 
401193!nop 
401194!nop 
401195!nop 
401196!nop 
401197!nop 
401198!nop 
401199!nop 
40119a!nop 
40119b!nop 
40119c!nop 
40119d!nop 
40119e!nop 
40119f!nop 
4011a0!nop 
4011a1!nop 
4011a2!nop 
4011a3!nop 
4011a4!nop 
4011a5!nop 
4011a6!nop 
4011a7!nop 
4011a8!nop 
4011a9!nop 
4011aa!nop 
4011ab!nop 
4011ac!nop 
4011ad!nop 
4011ae!nop 
4011af!nop 
4011b0!nop 
4011b1!nop 
4011b2!nop 
4011b3!nop 
4011b4!nop 
4011b5!nop 
4011b6!nop 
4011b7!nop 
4011b8!nop 
4011b9!nop 
4011ba!nop 
4011bb!nop 
4011bc!nop 
4011bd!nop 
4011be!nop 
4011bf!nop 
4011c0!nop 
4011c1!nop 
4011c2!nop 
4011c3!nop 
4011c4!nop 
4011c5!nop 
4011c6!nop 
4011c7!nop 
4011c8!nop 
4011c9!nop 
4011ca!nop 
4011cb!nop 
4011cc!nop 
4011cd!nop 
4011ce!nop 
4011cf!nop 
4011d0!nop 
4011d1!nop 
4011d2!nop 
4011d3!nop 
4011d4!nop 
4011d5!nop 
4011d6!nop 
4011d7!nop 
4011d8!nop 
4011d9!nop 
4011da!nop 
4011db!nop 
4011dc!nop 
4011dd!nop 
4011de!nop 
4011df!nop 
4011e0!nop 
4011e1!nop 
4011e2!nop 
4011e3!nop 
4011e4!nop 
4011e5!nop 
4011e6!nop 
4011e7!nop 
4011e8!nop 
4011e9!nop 
4011ea!nop 
4011eb!nop 
4011ec!nop 
4011ed!nop 
4011ee!nop 
4011ef!nop 
4011f0!nop 
4011f1!nop 
4011f2!nop 
4011f3!nop 
4011f4!nop 
4011f5!nop 
4011f6!nop 
4011f7!nop 
4011f8!nop 
4011f9!nop 
4011fa!nop 
4011fb!nop 
4011fc!nop 
4011fd!nop 
4011fe!nop 
4011ff!nop 
401200!nop 
401201!nop 
401202!nop 
401203!nop 
401204!nop 
401205!nop 
401206!nop 
401207!nop 
401208!nop 
401209!nop 
40120a!nop 
40120b!nop 
40120c!nop 
40120d!nop 
40120e!nop 
40120f!nop 
401210!nop 
401211!nop 
401212!nop 
401213!nop 
401214!nop 
401215!nop 
401216!nop 
401217!nop 
401218!nop 
401219!nop 
40121a!nop 
40121b!nop 
40121c!nop 
40121d!nop 
40121e!nop 
40121f!nop 
401220!nop 
401221!nop 
401222!nop 
401223!nop 
401224!nop 
401225!nop 
401226!nop 
401227!nop 
401228!nop 
401229!nop 
40122a!nop 
40122b!nop 
40122c!nop 
40122d!nop 
40122e!nop 
40122f!nop 
401230!nop 
401231!nop 
401232!nop 
401233!nop 
401234!inc ecx!RR_ecx_3!WR_ecx_4
401235!cmp ecx, 0x4!RR_ecx_4
401238!jnz 0x401015
40123e!inc edx!RR_edx_1!WR_edx_2
40123f!mov edi, 0x402004!WR_edi_402004
401244!add edi, 0x10!RR_edi_402004!WR_edi_402014
401247!cmp edx, 0x2!RR_edx_2
40124a!jnz 0x401010
401250!ret !RM_12ffc4_4_7c817077!RR_esp_12ffc4!WR_esp_12ffc8
7c817077!push eax!RR_eax_0_esp_12ffc8!WM_12ffc4_4_0!WR_esp_12ffc4
!EOT
