!SOT
401000!mov esi, dword ptr [0x402000]!RM_402000_4_474e4950!WR_esi_474e4950
401006!mov edi, 0x402004!WR_edi_402004
40100b!mov ecx, 0x0!WR_ecx_0
401010!xor dword ptr [edi+ecx*4], esi!RM_402004_4_47204d49!RR_ecx_0_esi_474e4950_edi_402004!WM_402004_4_6e0419
401013!inc ecx!RR_ecx_0!WR_ecx_1
401014!cmp ecx, 0x4!RR_ecx_1
401017!jnz 0x401010
401010!xor dword ptr [edi+ecx*4], esi!RM_402008_4_414e4e4f!RR_ecx_1_esi_474e4950_edi_402004!WM_402008_4_600071f
401013!inc ecx!RR_ecx_1!WR_ecx_2
401014!cmp ecx, 0x4!RR_ecx_2
401017!jnz 0x401010
401010!xor dword ptr [edi+ecx*4], esi!RM_40200c_4_20454220!RR_ecx_2_esi_474e4950_edi_402004!WM_40200c_4_670b0b70
401013!inc ecx!RR_ecx_2!WR_ecx_3
401014!cmp ecx, 0x4!RR_ecx_3
401017!jnz 0x401010
401010!xor dword ptr [edi+ecx*4], esi!RM_402010_4_52434544!RR_ecx_3_esi_474e4950_edi_402004!WM_402010_4_150d0c14
401013!inc ecx!RR_ecx_3!WR_ecx_4
401014!cmp ecx, 0x4!RR_ecx_4
401017!jnz 0x401010
401019!ret !RM_12ffc4_4_7c817077!RR_esp_12ffc4!WR_esp_12ffc8
!EOT
