!SOT
401000!mov esi, dword ptr [0x402000]!RM_402000_4_474e4950!WR_esi_474e4950
401006!mov edi, 0x402004!WR_edi_402004
40100b!mov ecx, 0x0!WR_ecx_0
401010!xor dword ptr [edi+ecx*4], esi!RM_402004_4_47204d49!RR_ecx_0_esi_474e4950_edi_402004!WM_402004_4_6e0419
401013!inc ecx!RR_ecx_0!WR_ecx_1
401014!cmp ecx, 0x4!RR_ecx_1
401017!jnz 0x401010
401010!xor dword ptr [edi+ecx*4], esi!RM_402008_4_414e4e4f!RR_ecx_1_esi_474e4950_edi_402004!WM_402008_4_600071f
401013!inc ecx!RR_ecx_1!WR_ecx_2
401014!cmp ecx, 0x4!RR_ecx_2
401017!jnz 0x401010
401010!xor dword ptr [edi+ecx*4], esi!RM_40200c_4_20454220!RR_ecx_2_esi_474e4950_edi_402004!WM_40200c_4_670b0b70
401013!inc ecx!RR_ecx_2!WR_ecx_3
401014!cmp ecx, 0x4!RR_ecx_3
401017!jnz 0x401010
401010!xor dword ptr [edi+ecx*4], esi!RM_402010_4_52434544!RR_ecx_3_esi_474e4950_edi_402004!WM_402010_4_150d0c14
401013!inc ecx!RR_ecx_3!WR_ecx_4
401014!cmp ecx, 0x4!RR_ecx_4
401017!jnz 0x401010
401019!mov edi, 0x402004!WR_edi_402004
40101e!add edi, 0x10!RR_edi_402004!WR_edi_402014
401021!mov ecx, 0x0!WR_ecx_0
401026!xor dword ptr [edi+ecx*4], esi!RM_402014_4_45545059!RR_ecx_0_esi_474e4950_edi_402014!WM_402014_4_21a1909
401029!inc ecx!RR_ecx_0!WR_ecx_1
40102a!cmp ecx, 0x4!RR_ecx_1
40102d!jnz 0x401026
401026!xor dword ptr [edi+ecx*4], esi!RM_402018_4_204d4944!RR_ecx_1_esi_474e4950_edi_402014!WM_402018_4_67030014
401029!inc ecx!RR_ecx_1!WR_ecx_2
40102a!cmp ecx, 0x4!RR_ecx_2
40102d!jnz 0x401026
401026!xor dword ptr [edi+ecx*4], esi!RM_40201c_4_4e4e4f47!RR_ecx_2_esi_474e4950_edi_402014!WM_40201c_4_9000617
401029!inc ecx!RR_ecx_2!WR_ecx_3
40102a!cmp ecx, 0x4!RR_ecx_3
40102d!jnz 0x401026
401026!xor dword ptr [edi+ecx*4], esi!RM_402020_4_45422041!RR_ecx_3_esi_474e4950_edi_402014!WM_402020_4_20c6911
401029!inc ecx!RR_ecx_3!WR_ecx_4
40102a!cmp ecx, 0x4!RR_ecx_4
40102d!jnz 0x401026
40102f!mov edi, 0x402004!WR_edi_402004
401034!mov ecx, 0x0!WR_ecx_0
401039!mov eax, dword ptr [edi+ecx*4]!RM_402004_4_6e0419!RR_ecx_0_edi_402004!WR_eax_6e0419
40103c!inc ecx!RR_ecx_0!WR_ecx_1
40103d!cmp ecx, 0x8!RR_ecx_1
401040!jnz 0x401039
401039!mov eax, dword ptr [edi+ecx*4]!RM_402008_4_600071f!RR_ecx_1_edi_402004!WR_eax_600071f
40103c!inc ecx!RR_ecx_1!WR_ecx_2
40103d!cmp ecx, 0x8!RR_ecx_2
401040!jnz 0x401039
401039!mov eax, dword ptr [edi+ecx*4]!RM_40200c_4_670b0b70!RR_ecx_2_edi_402004!WR_eax_670b0b70
40103c!inc ecx!RR_ecx_2!WR_ecx_3
40103d!cmp ecx, 0x8!RR_ecx_3
401040!jnz 0x401039
401039!mov eax, dword ptr [edi+ecx*4]!RM_402010_4_150d0c14!RR_ecx_3_edi_402004!WR_eax_150d0c14
40103c!inc ecx!RR_ecx_3!WR_ecx_4
40103d!cmp ecx, 0x8!RR_ecx_4
401040!jnz 0x401039
401039!mov eax, dword ptr [edi+ecx*4]!RM_402014_4_21a1909!RR_ecx_4_edi_402004!WR_eax_21a1909
40103c!inc ecx!RR_ecx_4!WR_ecx_5
40103d!cmp ecx, 0x8!RR_ecx_5
401040!jnz 0x401039
401039!mov eax, dword ptr [edi+ecx*4]!RM_402018_4_67030014!RR_ecx_5_edi_402004!WR_eax_67030014
40103c!inc ecx!RR_ecx_5!WR_ecx_6
40103d!cmp ecx, 0x8!RR_ecx_6
401040!jnz 0x401039
401039!mov eax, dword ptr [edi+ecx*4]!RM_40201c_4_9000617!RR_ecx_6_edi_402004!WR_eax_9000617
40103c!inc ecx!RR_ecx_6!WR_ecx_7
40103d!cmp ecx, 0x8!RR_ecx_7
401040!jnz 0x401039
401039!mov eax, dword ptr [edi+ecx*4]!RM_402020_4_20c6911!RR_ecx_7_edi_402004!WR_eax_20c6911
40103c!inc ecx!RR_ecx_7!WR_ecx_8
40103d!cmp ecx, 0x8!RR_ecx_8
401040!jnz 0x401039
401042!ret !RM_12ffc4_4_7c817077!RR_esp_12ffc4!WR_esp_12ffc8
7c817077!push eax!RR_eax_20c6911_esp_12ffc8!WM_12ffc4_4_20c6911!WR_esp_12ffc4
7c817078!call 0x7c80c0f8!RR_esp_12ffc4!WM_12ffc0_4_7c81707d!WR_esp_12ffc0
API CALL ExitThread
!EOT
